========== P1 B3 combo D32 (48 ep default) 2026-04-03T18:47:23+03:00 ==========
=== GPU ===
NVIDIA A100 80GB PCIe
========== B3 combo D32 rw3 mlp64 → experiments/09-lm-parity/outputs/b3_combo_d32_rw3_mlp64_20260403_184725.log ==========
  Layer 0: freq=1.00, threshold=0.200
  Layer 1: freq=1.80, threshold=0.250
  Layer 2: freq=3.00, threshold=0.300
  Layer 3: freq=5.00, threshold=0.400
{
  "delta_best_val_ce_wfr_minus_transformer": -0.035888612270355225,
  "trainable_params_transformer": 23096,
  "trainable_params_wfr_lm": 23003,
  "param_ratio_transformer_over_wfr": 1.0040429509194453,
  "interpretation": "\u043f\u043e\u043b\u043e\u0436\u0438\u0442\u0435\u043b\u044c\u043d\u043e \u2192 WFR \u0445\u0443\u0436\u0435 baseline TF \u043f\u043e best val CE \u043f\u0440\u0438 \u044d\u0442\u043e\u043c \u043f\u0440\u043e\u0442\u043e\u043a\u043e\u043b\u0435; \u043e\u0442\u0440\u0438\u0446\u0430\u0442\u0435\u043b\u044c\u043d\u043e \u2192 WFR \u043b\u0443\u0447\u0448\u0435 (\u0440\u0435\u0434\u043a\u043e \u043f\u0440\u0438 \u043f\u0435\u0440\u0432\u044b\u0445 \u043f\u0440\u043e\u0433\u043e\u043d\u0430\u0445).",
  "capacity_warning": null
}
{
  "transformer_best_val_ce": 3.0896193981170654,
  "wfr_best_val_ce": 3.05373078584671
}
Wrote /home/alex1/Desktop/WFR-Memory-Test/experiments/09-lm-parity/outputs/parity_pair_20260403_184828.json
OK
========== P2 B3 combo D32 PARITY_EPOCHS=96 2026-04-03T18:48:29+03:00 ==========
=== GPU ===
NVIDIA A100 80GB PCIe
========== B3 combo D32 rw3 mlp64 → experiments/09-lm-parity/outputs/b3_combo_d32_rw3_mlp64_20260403_184831.log ==========
  Layer 0: freq=1.00, threshold=0.200
  Layer 1: freq=1.80, threshold=0.250
  Layer 2: freq=3.00, threshold=0.300
  Layer 3: freq=5.00, threshold=0.400
{
  "delta_best_val_ce_wfr_minus_transformer": 0.06434386968612671,
  "trainable_params_transformer": 23096,
  "trainable_params_wfr_lm": 23003,
  "param_ratio_transformer_over_wfr": 1.0040429509194453,
  "interpretation": "\u043f\u043e\u043b\u043e\u0436\u0438\u0442\u0435\u043b\u044c\u043d\u043e \u2192 WFR \u0445\u0443\u0436\u0435 baseline TF \u043f\u043e best val CE \u043f\u0440\u0438 \u044d\u0442\u043e\u043c \u043f\u0440\u043e\u0442\u043e\u043a\u043e\u043b\u0435; \u043e\u0442\u0440\u0438\u0446\u0430\u0442\u0435\u043b\u044c\u043d\u043e \u2192 WFR \u043b\u0443\u0447\u0448\u0435 (\u0440\u0435\u0434\u043a\u043e \u043f\u0440\u0438 \u043f\u0435\u0440\u0432\u044b\u0445 \u043f\u0440\u043e\u0433\u043e\u043d\u0430\u0445).",
  "capacity_warning": null
}
{
  "transformer_best_val_ce": 2.8102079927921295,
  "wfr_best_val_ce": 2.8745518624782562
}
Wrote /home/alex1/Desktop/WFR-Memory-Test/experiments/09-lm-parity/outputs/parity_pair_20260403_185010.json
OK
========== P3 longcontext D32 seq 96,512 PARITY_BATCH=8 2026-04-03T18:50:11+03:00 ==========
=== GPU check ===
NVIDIA A100 80GB PCIe
========== D.1 longcontext readout=32 seq_lens=96,512 → experiments/09-lm-parity/outputs/remote_a100/runs/longcontext_d32_20260403_185011.log ==========
  Layer 0: freq=1.00, threshold=0.200
  Layer 1: freq=1.80, threshold=0.250
  Layer 2: freq=3.00, threshold=0.300
  Layer 3: freq=5.00, threshold=0.400
seq_len=96 delta=-0.08411380648612976 wall_s=54.689 peak_mib=23.644
  Layer 0: freq=1.00, threshold=0.200
  Layer 1: freq=1.80, threshold=0.250
  Layer 2: freq=3.00, threshold=0.300
  Layer 3: freq=5.00, threshold=0.400
seq_len=512 delta=-0.07091832160949707 wall_s=56.628 peak_mib=55.55
Wrote /home/alex1/Desktop/WFR-Memory-Test/experiments/09-lm-parity/outputs/longcontext_pair_20260403_185208.json
Copied artifact: experiments/09-lm-parity/outputs/remote_a100/runs/longcontext_d32_20260403_185011/longcontext_pair_20260403_185208.json
OK D.1 batch TS=20260403_185011 — see experiments/09-lm-parity/outputs/remote_a100/runs/longcontext_d32_20260403_185011 and experiments/09-lm-parity/outputs/longcontext_pair_*.json
========== PIPELINE P1+P2+P3 OK 2026-04-03T18:52:09+03:00 ==========
