  Layer 0: freq=1.00, threshold=0.200
  Layer 1: freq=1.80, threshold=0.250
  Layer 2: freq=3.00, threshold=0.300
  Layer 3: freq=5.00, threshold=0.400
  ep |    tr_CE |   tr_RC |    tr_E |   val_CE |  val_RC |   spike |   best_v | step
------------------------------------------------------------------------------------
   1 |   4.8627 |  0.6886 |  0.2282 |   4.8770 |  0.6898 |  0.2262 |   4.8770 | 16
   2 |   3.9625 |  0.7510 |  0.4156 |   4.0743 |  0.7513 |  0.2754 |   4.0743 | 32
   3 |   3.7769 |  0.8084 |  0.0092 |   3.8000 |  0.8094 |  0.0175 |   3.8000 | 48
   4 |   3.4988 |  0.8529 |  0.0280 |   3.5215 |  0.8540 |  0.0408 |   3.5215 | 64
   5 |   3.2885 |  0.8809 |  0.1809 |   3.3357 |  0.8809 |  0.1761 |   3.3357 | 80
   6 |   3.2176 |  0.8962 |  0.1381 |   3.2465 |  0.8966 |  0.1161 |   3.2465 | 96
   7 |   3.0881 |  0.9066 |  0.4227 |   3.1368 |  0.9059 |  0.4174 |   3.1368 | 112
   8 |   3.3569 |  0.9059 |  0.0089 |   3.3717 |  0.9074 |  0.0090 |   3.1368 | 128
   9 |   3.1478 |  0.9069 |  0.0000 |   3.1911 |  0.9063 |  0.0000 |   3.1368 | 144
  10 |   3.0482 |  0.9062 |  0.1977 |   3.0909 |  0.9057 |  0.1808 |   3.0909 | 160
  11 |   3.0146 |  0.9085 |  0.3775 |   3.0626 |  0.9080 |  0.3510 |   3.0626 | 176
  12 |   3.0922 |  0.9098 |  0.1806 |   3.1170 |  0.9098 |  0.1937 |   3.0626 | 192
  13 |   2.9967 |  0.9094 |  0.3505 |   3.0402 |  0.9089 |  0.3392 |   3.0402 | 208
  14 |   2.9855 |  0.9101 |  0.4131 |   3.0178 |  0.9094 |  0.4082 |   3.0178 | 224
  15 |   3.0121 |  0.9117 |  0.0541 |   3.0550 |  0.9108 |  0.0573 |   3.0178 | 240
  16 |   3.0090 |  0.9121 |  0.1802 |   3.0512 |  0.9119 |  0.1768 |   3.0178 | 256
  17 |   3.1088 |  0.9127 |  0.0672 |   3.1215 |  0.9137 |  0.0860 |   3.0178 | 272
  18 |   3.0813 |  0.9171 |  0.0501 |   3.1265 |  0.9161 |  0.0397 |   3.0178 | 288
  19 |   3.1154 |  0.9165 |  0.0429 |   3.1235 |  0.9169 |  0.0464 |   3.0178 | 304
  20 |   3.0221 |  0.9158 |  0.0050 |   3.0408 |  0.9147 |  0.0078 |   3.0178 | 320
  21 |   3.0334 |  0.9163 |  0.0000 |   3.0630 |  0.9151 |  0.0000 |   3.0178 | 336
  22 |   3.0348 |  0.9179 |  0.0033 |   3.0438 |  0.9181 |  0.0033 |   3.0178 | 352
  23 |   3.0037 |  0.9218 |  0.0021 |   3.0348 |  0.9211 |  0.0034 |   3.0178 | 368
  24 |   2.9923 |  0.9246 |  0.0021 |   3.0331 |  0.9233 |  0.0033 |   3.0178 | 384
  25 |   3.0233 |  0.9263 |  0.0015 |   3.0562 |  0.9253 |  0.0021 |   3.0178 | 400
  26 |   2.9991 |  0.9287 |  0.0008 |   3.0522 |  0.9283 |  0.0128 |   3.0178 | 416
  27 |   3.0950 |  0.9317 |  0.0530 |   3.1032 |  0.9305 |  0.0197 |   3.0178 | 432
  28 |   3.0336 |  0.9293 |  0.0010 |   3.0404 |  0.9299 |  0.0012 |   3.0178 | 448
  29 |   3.0099 |  0.9310 |  0.0000 |   3.0425 |  0.9304 |  0.0000 |   3.0178 | 464
  30 |   2.9727 |  0.9337 |  0.0030 |   3.0452 |  0.9318 |  0.0038 |   3.0178 | 480
  Layer 0: freq=1.00, threshold=0.200
  Layer 1: freq=1.80, threshold=0.250
  Layer 2: freq=3.00, threshold=0.300
  Layer 3: freq=5.00, threshold=0.400
  ep |    tr_CE |   tr_RC |    tr_E |   val_CE |  val_RC |   spike |   best_v | step
------------------------------------------------------------------------------------
   1 |   4.6429 |  0.7006 |  0.2083 |   4.6683 |  0.7021 |  0.1879 |   4.6683 | 16
   2 |   3.9207 |  0.7742 |  0.1729 |   3.9352 |  0.7749 |  0.1740 |   3.9352 | 32
   3 |   3.4100 |  0.8321 |  0.4009 |   3.4536 |  0.8327 |  0.3826 |   3.4536 | 48
   4 |   3.4007 |  0.8664 |  0.0001 |   3.4306 |  0.8669 |  0.0007 |   3.4306 | 64
   5 |   3.2532 |  0.8893 |  0.0856 |   3.2900 |  0.8895 |  0.1160 |   3.2900 | 80
   6 |   3.2209 |  0.9043 |  0.1190 |   3.2425 |  0.9039 |  0.1330 |   3.2425 | 96
   7 |   3.1492 |  0.9121 |  0.1872 |   3.1944 |  0.9122 |  0.1799 |   3.1944 | 112
   8 |   3.1460 |  0.9175 |  0.1565 |   3.1759 |  0.9172 |  0.1545 |   3.1759 | 128
   9 |   3.1663 |  0.9222 |  0.0726 |   3.1988 |  0.9213 |  0.1097 |   3.1759 | 144
  10 |   3.1569 |  0.9269 |  0.0210 |   3.1584 |  0.9264 |  0.1234 |   3.1584 | 160
  11 |   3.1073 |  0.9341 |  0.0786 |   3.1532 |  0.9337 |  0.0616 |   3.1532 | 176
  12 |   3.1045 |  0.9360 |  0.1649 |   3.1198 |  0.9365 |  0.1766 |   3.1198 | 192
  13 |   3.0637 |  0.9405 |  0.4197 |   3.0999 |  0.9398 |  0.4610 |   3.0999 | 208
  14 |   3.0442 |  0.9414 |  0.5704 |   3.0809 |  0.9410 |  0.5626 |   3.0809 | 224
  15 |   2.9849 |  0.9389 |  0.5499 |   3.0408 |  0.9380 |  0.4951 |   3.0408 | 240
  16 |   3.0218 |  0.9407 |  0.4986 |   3.0586 |  0.9407 |  0.4973 |   3.0408 | 256
  17 |   3.0151 |  0.9402 |  0.4376 |   3.0342 |  0.9401 |  0.4518 |   3.0342 | 272
  18 |   2.9759 |  0.9427 |  0.4959 |   3.0217 |  0.9418 |  0.4463 |   3.0217 | 288
  19 |   2.9947 |  0.9448 |  0.3494 |   3.0069 |  0.9442 |  0.3933 |   3.0069 | 304
  20 |   3.0238 |  0.9486 |  0.5141 |   3.0874 |  0.9476 |  0.4286 |   3.0069 | 320
  21 |   3.0392 |  0.9461 |  0.2713 |   3.0717 |  0.9458 |  0.2943 |   3.0069 | 336
  22 |   3.0152 |  0.9432 |  0.5913 |   3.0266 |  0.9430 |  0.4720 |   3.0069 | 352
  23 |   2.9407 |  0.9416 |  0.5563 |   2.9853 |  0.9406 |  0.5633 |   2.9853 | 368
  24 |   2.9635 |  0.9428 |  0.4865 |   3.0144 |  0.9415 |  0.4900 |   2.9853 | 384
  25 |   2.9365 |  0.9402 |  0.5165 |   2.9830 |  0.9393 |  0.5266 |   2.9830 | 400
  26 |   2.9228 |  0.9442 |  0.4971 |   2.9808 |  0.9431 |  0.4942 |   2.9808 | 416
  27 |   2.9166 |  0.9444 |  0.5583 |   2.9674 |  0.9431 |  0.5659 |   2.9674 | 432
  28 |   3.0386 |  0.9433 |  0.4970 |   3.1226 |  0.9437 |  0.4959 |   2.9674 | 448
  29 |   2.9266 |  0.9486 |  0.5208 |   2.9861 |  0.9471 |  0.5359 |   2.9674 | 464
  30 |   2.9004 |  0.9469 |  0.4829 |   2.9645 |  0.9444 |  0.4861 |   2.9645 | 480
  Layer 0: freq=1.00, threshold=0.200
  Layer 1: freq=1.80, threshold=0.250
  Layer 2: freq=3.00, threshold=0.300
  Layer 3: freq=5.00, threshold=0.400
  ep |    tr_CE |   tr_RC |    tr_E |   val_CE |  val_RC |   spike |   best_v | step
------------------------------------------------------------------------------------
   1 |   4.8627 |  0.6886 |  0.2282 |   4.8770 |  0.6898 |  0.2262 |   4.8770 | 16
   2 |   3.9625 |  0.7510 |  0.4156 |   4.0743 |  0.7513 |  0.2754 |   4.0743 | 32
   3 |   3.7769 |  0.8084 |  0.0092 |   3.8000 |  0.8094 |  0.0175 |   3.8000 | 48
   4 |   3.4988 |  0.8529 |  0.0280 |   3.5215 |  0.8540 |  0.0408 |   3.5215 | 64
   5 |   3.2885 |  0.8809 |  0.1809 |   3.3357 |  0.8809 |  0.1761 |   3.3357 | 80
   6 |   3.2176 |  0.8962 |  0.1381 |   3.2465 |  0.8966 |  0.1161 |   3.2465 | 96
   7 |   3.0881 |  0.9066 |  0.4227 |   3.1368 |  0.9059 |  0.4174 |   3.1368 | 112
   8 |   3.3569 |  0.9059 |  0.0089 |   3.3717 |  0.9074 |  0.0090 |   3.1368 | 128
   9 |   3.1478 |  0.9069 |  0.0000 |   3.1911 |  0.9063 |  0.0000 |   3.1368 | 144
  10 |   3.0482 |  0.9062 |  0.1977 |   3.0909 |  0.9057 |  0.1808 |   3.0909 | 160
  11 |   3.0146 |  0.9085 |  0.3775 |   3.0626 |  0.9080 |  0.3510 |   3.0626 | 176
  12 |   3.0922 |  0.9098 |  0.1806 |   3.1170 |  0.9098 |  0.1937 |   3.0626 | 192
  13 |   2.9967 |  0.9094 |  0.3505 |   3.0402 |  0.9089 |  0.3392 |   3.0402 | 208
  14 |   2.9855 |  0.9101 |  0.4131 |   3.0178 |  0.9094 |  0.4082 |   3.0178 | 224
  15 |   3.0121 |  0.9117 |  0.0541 |   3.0550 |  0.9108 |  0.0573 |   3.0178 | 240
  16 |   3.0090 |  0.9121 |  0.1802 |   3.0512 |  0.9119 |  0.1768 |   3.0178 | 256
  17 |   3.1088 |  0.9127 |  0.0672 |   3.1215 |  0.9137 |  0.0860 |   3.0178 | 272
  18 |   3.0813 |  0.9171 |  0.0501 |   3.1265 |  0.9161 |  0.0397 |   3.0178 | 288
  19 |   3.1154 |  0.9165 |  0.0429 |   3.1235 |  0.9169 |  0.0464 |   3.0178 | 304
  20 |   3.0221 |  0.9158 |  0.0050 |   3.0408 |  0.9147 |  0.0078 |   3.0178 | 320
  21 |   3.0334 |  0.9163 |  0.0000 |   3.0630 |  0.9151 |  0.0000 |   3.0178 | 336
  22 |   3.0348 |  0.9179 |  0.0033 |   3.0438 |  0.9181 |  0.0033 |   3.0178 | 352
  23 |   3.0037 |  0.9218 |  0.0021 |   3.0348 |  0.9211 |  0.0034 |   3.0178 | 368
  24 |   2.9923 |  0.9246 |  0.0021 |   3.0331 |  0.9233 |  0.0033 |   3.0178 | 384
  25 |   3.0233 |  0.9263 |  0.0015 |   3.0562 |  0.9253 |  0.0021 |   3.0178 | 400
  26 |   2.9991 |  0.9287 |  0.0008 |   3.0522 |  0.9283 |  0.0128 |   3.0178 | 416
  27 |   3.0950 |  0.9317 |  0.0530 |   3.1032 |  0.9305 |  0.0197 |   3.0178 | 432
  28 |   3.0336 |  0.9293 |  0.0010 |   3.0404 |  0.9299 |  0.0012 |   3.0178 | 448
  29 |   3.0099 |  0.9310 |  0.0000 |   3.0425 |  0.9304 |  0.0000 |   3.0178 | 464
  30 |   2.9727 |  0.9337 |  0.0030 |   3.0452 |  0.9318 |  0.0038 |   3.0178 | 480
  Layer 0: freq=1.00, threshold=0.200
  Layer 1: freq=1.80, threshold=0.250
  Layer 2: freq=3.00, threshold=0.300
  Layer 3: freq=5.00, threshold=0.400
  ep |    tr_CE |   tr_RC |    tr_E |   val_CE |  val_RC |   spike |   best_v | step
------------------------------------------------------------------------------------
   1 |   4.6429 |  0.7006 |  0.2083 |   4.6683 |  0.7021 |  0.1879 |   4.6683 | 16
   2 |   3.9207 |  0.7742 |  0.1729 |   3.9352 |  0.7749 |  0.1740 |   3.9352 | 32
   3 |   3.4100 |  0.8321 |  0.4009 |   3.4536 |  0.8327 |  0.3826 |   3.4536 | 48
   4 |   3.4007 |  0.8664 |  0.0001 |   3.4306 |  0.8669 |  0.0007 |   3.4306 | 64
   5 |   3.2532 |  0.8893 |  0.0856 |   3.2900 |  0.8895 |  0.1160 |   3.2900 | 80
   6 |   3.2209 |  0.9043 |  0.1190 |   3.2425 |  0.9039 |  0.1330 |   3.2425 | 96
   7 |   3.1492 |  0.9121 |  0.1872 |   3.1944 |  0.9122 |  0.1799 |   3.1944 | 112
   8 |   3.1460 |  0.9175 |  0.1565 |   3.1759 |  0.9172 |  0.1545 |   3.1759 | 128
   9 |   3.1663 |  0.9222 |  0.0726 |   3.1988 |  0.9213 |  0.1097 |   3.1759 | 144
  10 |   3.1569 |  0.9269 |  0.0210 |   3.1584 |  0.9264 |  0.1234 |   3.1584 | 160
  11 |   3.1073 |  0.9341 |  0.0786 |   3.1532 |  0.9337 |  0.0616 |   3.1532 | 176
  12 |   3.1045 |  0.9360 |  0.1649 |   3.1198 |  0.9365 |  0.1766 |   3.1198 | 192
  13 |   3.0637 |  0.9405 |  0.4197 |   3.0999 |  0.9398 |  0.4610 |   3.0999 | 208
  14 |   3.0442 |  0.9414 |  0.5704 |   3.0809 |  0.9410 |  0.5626 |   3.0809 | 224
  15 |   2.9849 |  0.9389 |  0.5499 |   3.0408 |  0.9380 |  0.4951 |   3.0408 | 240
  16 |   3.0218 |  0.9407 |  0.4986 |   3.0586 |  0.9407 |  0.4973 |   3.0408 | 256
  17 |   3.0151 |  0.9402 |  0.4376 |   3.0342 |  0.9401 |  0.4518 |   3.0342 | 272
  18 |   2.9759 |  0.9427 |  0.4959 |   3.0217 |  0.9418 |  0.4463 |   3.0217 | 288
  19 |   2.9947 |  0.9448 |  0.3494 |   3.0069 |  0.9442 |  0.3933 |   3.0069 | 304
  20 |   3.0238 |  0.9486 |  0.5141 |   3.0874 |  0.9476 |  0.4286 |   3.0069 | 320
  21 |   3.0392 |  0.9461 |  0.2713 |   3.0717 |  0.9458 |  0.2943 |   3.0069 | 336
  22 |   3.0152 |  0.9432 |  0.5913 |   3.0266 |  0.9430 |  0.4720 |   3.0069 | 352
  23 |   2.9407 |  0.9416 |  0.5563 |   2.9853 |  0.9406 |  0.5633 |   2.9853 | 368
  24 |   2.9635 |  0.9428 |  0.4865 |   3.0144 |  0.9415 |  0.4900 |   2.9853 | 384
  25 |   2.9365 |  0.9402 |  0.5165 |   2.9830 |  0.9393 |  0.5266 |   2.9830 | 400
  26 |   2.9228 |  0.9442 |  0.4971 |   2.9808 |  0.9431 |  0.4942 |   2.9808 | 416
  27 |   2.9166 |  0.9444 |  0.5583 |   2.9674 |  0.9431 |  0.5659 |   2.9674 | 432
  28 |   3.0386 |  0.9433 |  0.4970 |   3.1226 |  0.9437 |  0.4959 |   2.9674 | 448
  29 |   2.9266 |  0.9486 |  0.5208 |   2.9861 |  0.9471 |  0.5359 |   2.9674 | 464
  30 |   2.9004 |  0.9469 |  0.4829 |   2.9645 |  0.9444 |  0.4861 |   2.9645 | 480
  Layer 0: freq=1.00, threshold=0.200
  Layer 1: freq=1.80, threshold=0.250
  Layer 2: freq=3.00, threshold=0.300
  Layer 3: freq=5.00, threshold=0.400
  ep |    tr_CE |   tr_RC |    tr_E |   val_CE |  val_RC |   spike |   best_v | step
------------------------------------------------------------------------------------
   1 |   4.9743 |  0.6871 |  0.0256 |   4.9826 |  0.6882 |  0.0318 |   4.9826 | 16
   2 |   4.1013 |  0.7403 |  0.2211 |   4.1300 |  0.7409 |  0.1981 |   4.1300 | 32
   3 |   3.5577 |  0.7851 |  0.3073 |   3.6830 |  0.7861 |  0.1121 |   3.6830 | 48
   4 |   3.3993 |  0.8155 |  0.1223 |   3.4297 |  0.8171 |  0.1122 |   3.4297 | 64
   5 |   3.2071 |  0.8396 |  0.2836 |   3.2941 |  0.8399 |  0.1749 |   3.2941 | 80
   6 |   3.2392 |  0.8548 |  0.0951 |   3.2559 |  0.8556 |  0.0973 |   3.2559 | 96
   7 |   3.1170 |  0.8661 |  0.0984 |   3.1598 |  0.8660 |  0.0991 |   3.1598 | 112
   8 |   3.0939 |  0.8666 |  0.1749 |   3.1122 |  0.8680 |  0.1915 |   3.1122 | 128
   9 |   3.0436 |  0.8709 |  0.1462 |   3.0839 |  0.8711 |  0.1461 |   3.0839 | 144
  10 |   3.0014 |  0.8730 |  0.2322 |   3.0626 |  0.8729 |  0.2271 |   3.0626 | 160
  11 |   3.0895 |  0.8787 |  0.0403 |   3.1193 |  0.8788 |  0.0296 |   3.0626 | 176
  12 |   3.0553 |  0.8817 |  0.0392 |   3.0638 |  0.8824 |  0.0406 |   3.0626 | 192
  13 |   3.0216 |  0.8867 |  0.1029 |   3.0640 |  0.8865 |  0.1041 |   3.0626 | 208
  14 |   3.0143 |  0.8891 |  0.1005 |   3.0431 |  0.8895 |  0.1053 |   3.0431 | 224
  15 |   3.0122 |  0.8917 |  0.0990 |   3.0515 |  0.8916 |  0.1000 |   3.0431 | 240
  16 |   3.0204 |  0.8935 |  0.0061 |   3.0492 |  0.8939 |  0.0111 |   3.0431 | 256
  17 |   2.9934 |  0.8951 |  0.2931 |   3.0108 |  0.8961 |  0.2936 |   3.0108 | 272
  18 |   2.9877 |  0.8980 |  0.1042 |   3.0267 |  0.8984 |  0.1072 |   3.0108 | 288
  19 |   3.0398 |  0.8999 |  0.0707 |   3.0551 |  0.9004 |  0.0472 |   3.0108 | 304
  20 |   2.9868 |  0.9007 |  0.2898 |   3.0170 |  0.9007 |  0.2951 |   3.0108 | 320
  21 |   2.9786 |  0.9004 |  0.2875 |   3.0061 |  0.9005 |  0.3003 |   3.0061 | 336
  22 |   2.9809 |  0.9006 |  0.2937 |   2.9929 |  0.9016 |  0.2993 |   2.9929 | 352
  23 |   2.9705 |  0.9047 |  0.2077 |   3.0091 |  0.9046 |  0.2140 |   2.9929 | 368
  24 |   2.9560 |  0.9073 |  0.2021 |   2.9970 |  0.9069 |  0.2076 |   2.9929 | 384
  25 |   2.9518 |  0.9094 |  0.2481 |   2.9881 |  0.9095 |  0.2476 |   2.9881 | 400
  26 |   2.9443 |  0.9119 |  0.2515 |   2.9875 |  0.9121 |  0.2526 |   2.9875 | 416
  27 |   2.9631 |  0.9154 |  0.2263 |   3.0095 |  0.9148 |  0.2362 |   2.9875 | 432
  28 |   2.9760 |  0.9135 |  0.2274 |   2.9946 |  0.9149 |  0.2309 |   2.9875 | 448
  29 |   2.9644 |  0.9166 |  0.2221 |   3.0159 |  0.9162 |  0.2299 |   2.9875 | 464
  30 |   3.1391 |  0.9171 |  0.1363 |   3.3549 |  0.9158 |  0.1471 |   2.9875 | 480
  Layer 0: freq=1.00, threshold=0.200
  Layer 1: freq=1.80, threshold=0.250
  Layer 2: freq=3.00, threshold=0.300
  Layer 3: freq=5.00, threshold=0.400
  ep |    tr_CE |   tr_RC |    tr_E |   val_CE |  val_RC |   spike |   best_v | step
------------------------------------------------------------------------------------
   1 |   4.7067 |  0.7068 |  0.1107 |   4.7213 |  0.7084 |  0.1085 |   4.7213 | 16
   2 |   3.8889 |  0.7798 |  0.3393 |   3.9055 |  0.7806 |  0.3487 |   3.9055 | 32
   3 |   3.4318 |  0.8357 |  0.5124 |   3.4703 |  0.8362 |  0.5408 |   3.4703 | 48
   4 |   3.3270 |  0.8660 |  0.0885 |   3.4085 |  0.8664 |  0.0093 |   3.4085 | 64
   5 |   3.2902 |  0.8893 |  0.0023 |   3.3254 |  0.8890 |  0.0024 |   3.3254 | 80
   6 |   3.2287 |  0.9071 |  0.0960 |   3.2577 |  0.9064 |  0.0990 |   3.2577 | 96
   7 |   3.1574 |  0.9125 |  0.1966 |   3.2034 |  0.9122 |  0.2008 |   3.2034 | 112
   8 |   3.1427 |  0.9100 |  0.2324 |   3.1662 |  0.9098 |  0.1842 |   3.1662 | 128
   9 |   3.0993 |  0.9091 |  0.2152 |   3.1412 |  0.9082 |  0.2431 |   3.1412 | 144
  10 |   3.0934 |  0.9141 |  0.2021 |   3.1357 |  0.9132 |  0.2013 |   3.1357 | 160
  11 |   3.0628 |  0.9193 |  0.2959 |   3.1093 |  0.9186 |  0.2974 |   3.1093 | 176
  12 |   3.0878 |  0.9234 |  0.2581 |   3.1164 |  0.9236 |  0.2346 |   3.1093 | 192
  13 |   3.0437 |  0.9284 |  0.1151 |   3.0863 |  0.9278 |  0.1281 |   3.0863 | 208
  14 |   3.0081 |  0.9320 |  0.3314 |   3.0459 |  0.9311 |  0.3365 |   3.0459 | 224
  15 |   2.9650 |  0.9343 |  0.4284 |   3.0208 |  0.9328 |  0.4400 |   3.0208 | 240
  16 |   2.9613 |  0.9352 |  0.3726 |   3.0027 |  0.9341 |  0.3886 |   3.0027 | 256
  17 |   3.0687 |  0.9363 |  0.1407 |   3.0827 |  0.9368 |  0.1392 |   3.0027 | 272
  18 |   3.1201 |  0.9303 |  0.2460 |   3.1827 |  0.9299 |  0.2464 |   3.0027 | 288
  19 |   3.0890 |  0.9188 |  0.3221 |   3.1099 |  0.9185 |  0.3253 |   3.0027 | 304
  20 |   3.0598 |  0.9179 |  0.2782 |   3.0974 |  0.9174 |  0.2793 |   3.0027 | 320
  21 |   3.0195 |  0.9168 |  0.3959 |   3.0538 |  0.9168 |  0.3956 |   3.0027 | 336
  22 |   3.0237 |  0.9183 |  0.5059 |   3.0404 |  0.9190 |  0.5080 |   3.0027 | 352
  23 |   2.9863 |  0.9200 |  0.5120 |   3.0289 |  0.9201 |  0.5128 |   3.0027 | 368
  24 |   2.9781 |  0.9228 |  0.5165 |   3.0242 |  0.9222 |  0.5133 |   3.0027 | 384
  25 |   2.9876 |  0.9245 |  0.4757 |   3.0234 |  0.9242 |  0.4779 |   3.0027 | 400
  26 |   2.9902 |  0.9261 |  0.3919 |   3.0334 |  0.9255 |  0.3987 |   3.0027 | 416
  27 |   2.9909 |  0.9278 |  0.4612 |   3.0301 |  0.9270 |  0.4626 |   3.0027 | 432
  28 |   3.0293 |  0.9281 |  0.4746 |   3.0316 |  0.9288 |  0.4780 |   3.0027 | 448
  29 |   2.9990 |  0.9287 |  0.4643 |   3.0551 |  0.9282 |  0.4616 |   3.0027 | 464
  30 |   2.9570 |  0.9279 |  0.4539 |   3.0216 |  0.9272 |  0.4069 |   3.0027 | 480
  Layer 0: freq=1.00, threshold=0.200
  Layer 1: freq=1.80, threshold=0.250
  Layer 2: freq=3.00, threshold=0.300
  Layer 3: freq=5.00, threshold=0.400
  ep |    tr_CE |   tr_RC |    tr_E |   val_CE |  val_RC |   spike |   best_v | step
------------------------------------------------------------------------------------
   1 |   4.9171 |  0.9087 |  0.0164 |   4.9286 |  0.9089 |  0.0386 |   4.9286 | 16
   2 |   4.1751 |  0.9286 |  0.0004 |   4.1915 |  0.9286 |  0.0007 |   4.1915 | 32
   3 |   3.6914 |  0.9446 |  0.0413 |   3.6949 |  0.9449 |  0.1500 |   3.6949 | 48
   4 |   3.4630 |  0.9573 |  0.0000 |   3.5139 |  0.9575 |  0.0000 |   3.5139 | 64
   5 |   3.3729 |  0.9675 |  0.0000 |   3.4179 |  0.9676 |  0.0000 |   3.4179 | 80
   6 |   3.3062 |  0.9752 |  0.0001 |   3.3205 |  0.9753 |  0.0001 |   3.3205 | 96
   7 |   3.2387 |  0.9809 |  0.0000 |   3.2862 |  0.9807 |  0.0001 |   3.2862 | 112
   8 |   3.2356 |  0.9843 |  0.0024 |   3.2557 |  0.9843 |  0.0098 |   3.2557 | 128
   9 |   3.2001 |  0.9844 |  0.1647 |   3.2547 |  0.9843 |  0.0306 |   3.2547 | 144
  10 |   3.1622 |  0.9844 |  0.1940 |   3.2106 |  0.9842 |  0.1947 |   3.2106 | 160
  11 |   3.1438 |  0.9850 |  0.3213 |   3.1919 |  0.9848 |  0.3227 |   3.1919 | 176
  12 |   3.1337 |  0.9828 |  0.3271 |   3.1546 |  0.9827 |  0.3241 |   3.1546 | 192
  13 |   3.0399 |  0.9838 |  0.8654 |   3.1157 |  0.9836 |  0.6664 |   3.1157 | 208
  14 |   3.0551 |  0.9816 |  0.6165 |   3.1009 |  0.9815 |  0.6009 |   3.1009 | 224
  15 |   3.1154 |  0.9805 |  0.0000 |   3.1633 |  0.9802 |  0.0000 |   3.1009 | 240
  16 |   3.0782 |  0.9807 |  0.1252 |   3.1190 |  0.9805 |  0.0655 |   3.1009 | 256
  17 |   3.0210 |  0.9814 |  0.7555 |   3.0472 |  0.9814 |  0.7580 |   3.0472 | 272
  18 |   3.0666 |  0.9817 |  0.1590 |   3.1192 |  0.9814 |  0.1727 |   3.0472 | 288
  19 |   3.1559 |  0.9799 |  0.0598 |   3.1657 |  0.9799 |  0.0648 |   3.0472 | 304
  20 |   2.9930 |  0.9793 |  0.8375 |   3.0251 |  0.9791 |  0.8168 |   3.0251 | 320
  21 |   2.9853 |  0.9779 |  0.5734 |   3.0205 |  0.9776 |  0.4814 |   3.0205 | 336
  22 |   3.0035 |  0.9803 |  0.7395 |   3.0210 |  0.9802 |  0.7439 |   3.0205 | 352
  23 |   2.9645 |  0.9793 |  0.2720 |   3.0043 |  0.9790 |  0.2811 |   3.0043 | 368
  24 |   2.9486 |  0.9796 |  0.4069 |   2.9926 |  0.9792 |  0.4096 |   2.9926 | 384
  25 |   2.9515 |  0.9806 |  0.5109 |   2.9913 |  0.9802 |  0.5197 |   2.9913 | 400
  26 |   2.9465 |  0.9806 |  0.2458 |   2.9897 |  0.9801 |  0.2450 |   2.9897 | 416
  27 |   2.9942 |  0.9797 |  0.4382 |   3.0376 |  0.9794 |  0.4392 |   2.9897 | 432
  28 |   2.9583 |  0.9798 |  0.5848 |   2.9770 |  0.9796 |  0.5873 |   2.9770 | 448
  29 |   2.9357 |  0.9790 |  0.2379 |   2.9891 |  0.9783 |  0.2396 |   2.9770 | 464
  30 |   2.9104 |  0.9799 |  0.3810 |   2.9693 |  0.9792 |  0.3928 |   2.9693 | 480
  Layer 0: freq=1.00, threshold=0.200
  Layer 1: freq=1.80, threshold=0.250
  Layer 2: freq=3.00, threshold=0.300
  Layer 3: freq=5.00, threshold=0.400
  ep |    tr_CE |   tr_RC |    tr_E |   val_CE |  val_RC |   spike |   best_v | step
------------------------------------------------------------------------------------
   1 |   4.6423 |  0.9159 |  0.0101 |   4.6834 |  0.9164 |  0.0149 |   4.6834 | 16
   2 |   4.0228 |  0.9487 |  0.0000 |   4.0401 |  0.9488 |  0.0000 |   4.0401 | 32
   3 |   3.6070 |  0.9697 |  0.0000 |   3.6425 |  0.9697 |  0.0000 |   3.6425 | 48
   4 |   3.3971 |  0.9802 |  0.0095 |   3.4280 |  0.9802 |  0.0002 |   3.4280 | 64
   5 |   3.2449 |  0.9851 |  0.3255 |   3.3058 |  0.9849 |  0.1725 |   3.3058 | 80
   6 |   3.1536 |  0.9875 |  0.6042 |   3.1825 |  0.9873 |  0.5971 |   3.1825 | 96
   7 |   3.1982 |  0.9880 |  0.2814 |   3.2498 |  0.9878 |  0.2620 |   3.1825 | 112
   8 |   3.1368 |  0.9860 |  0.5100 |   3.1543 |  0.9861 |  0.5076 |   3.1543 | 128
   9 |   3.0171 |  0.9854 |  0.7784 |   3.0593 |  0.9854 |  0.7730 |   3.0593 | 144
  10 |   2.9792 |  0.9832 |  0.6602 |   3.0361 |  0.9831 |  0.6145 |   3.0361 | 160
  11 |   3.1050 |  0.9830 |  0.3022 |   3.1634 |  0.9830 |  0.2802 |   3.0361 | 176
  12 |   3.1060 |  0.9842 |  0.1975 |   3.1225 |  0.9844 |  0.2042 |   3.0361 | 192
  13 |   3.0188 |  0.9827 |  0.3022 |   3.1017 |  0.9826 |  0.2486 |   3.0361 | 208
  14 |   3.1178 |  0.9828 |  0.1111 |   3.1331 |  0.9829 |  0.1329 |   3.0361 | 224
  15 |   3.0419 |  0.9826 |  0.2764 |   3.1055 |  0.9825 |  0.2271 |   3.0361 | 240
  16 |   3.1017 |  0.9814 |  0.1783 |   3.1457 |  0.9815 |  0.1649 |   3.0361 | 256
  17 |   3.1439 |  0.9794 |  0.0063 |   3.1551 |  0.9796 |  0.0269 |   3.0361 | 272
  18 |   3.0414 |  0.9781 |  0.4380 |   3.0857 |  0.9783 |  0.4169 |   3.0361 | 288
  19 |   3.1384 |  0.9768 |  0.2178 |   3.1007 |  0.9770 |  0.3199 |   3.0361 | 304
  20 |   3.0231 |  0.9768 |  0.3101 |   3.0499 |  0.9769 |  0.3146 |   3.0361 | 320
  21 |   2.9982 |  0.9774 |  0.4070 |   3.0340 |  0.9774 |  0.4166 |   3.0340 | 336
  22 |   3.0108 |  0.9779 |  0.3684 |   3.0240 |  0.9785 |  0.3797 |   3.0240 | 352
  23 |   2.9765 |  0.9792 |  0.3632 |   3.0140 |  0.9789 |  0.3712 |   3.0140 | 368
  24 |   3.0231 |  0.9784 |  0.4002 |   3.0610 |  0.9784 |  0.4111 |   3.0140 | 384
  25 |   2.9876 |  0.9780 |  0.3184 |   3.0208 |  0.9781 |  0.3228 |   3.0140 | 400
  26 |   2.9713 |  0.9761 |  0.3192 |   3.0089 |  0.9760 |  0.3249 |   3.0089 | 416
  27 |   3.0292 |  0.9770 |  0.2903 |   3.0593 |  0.9770 |  0.2954 |   3.0089 | 432
  28 |   3.0234 |  0.9789 |  0.2026 |   3.0236 |  0.9793 |  0.2074 |   3.0089 | 448
  29 |   2.9779 |  0.9772 |  0.2033 |   3.0122 |  0.9769 |  0.2074 |   3.0089 | 464
  30 |   2.9668 |  0.9772 |  0.1988 |   3.0190 |  0.9771 |  0.2074 |   3.0089 | 480
  Layer 0: freq=1.00, threshold=0.200
  Layer 1: freq=1.80, threshold=0.250
  Layer 2: freq=3.00, threshold=0.300
  Layer 3: freq=5.00, threshold=0.400
  ep |    tr_CE |   tr_RC |    tr_E |   val_CE |  val_RC |   spike |   best_v | step
------------------------------------------------------------------------------------
   1 |   4.9271 |  0.9986 |  0.1068 |   4.9430 |  0.9986 |  0.2500 |   4.9430 | 16
   2 |   4.2095 |  0.9986 |  0.0000 |   4.2260 |  0.9986 |  0.0104 |   4.2260 | 32
   3 |   3.6131 |  0.9986 |  0.6888 |   3.7089 |  0.9986 |  0.3802 |   3.7089 | 48
   4 |   3.5311 |  0.9985 |  0.0000 |   3.5588 |  0.9985 |  0.0000 |   3.5588 | 64
   5 |   3.2228 |  0.9985 |  1.0000 |   3.2840 |  0.9985 |  0.8724 |   3.2840 | 80
   6 |   3.2720 |  0.9985 |  0.3366 |   3.3133 |  0.9985 |  0.2083 |   3.2840 | 96
   7 |   3.2381 |  0.9984 |  0.3652 |   3.2920 |  0.9984 |  0.2500 |   3.2840 | 112
   8 |   3.2744 |  0.9982 |  0.0000 |   3.2953 |  0.9982 |  0.0000 |   3.2840 | 128
   9 |   3.1813 |  0.9982 |  0.9954 |   3.2287 |  0.9982 |  0.9089 |   3.2287 | 144
  10 |   3.1974 |  0.9983 |  0.0000 |   3.2419 |  0.9983 |  0.0000 |   3.2287 | 160
  11 |   3.1692 |  0.9982 |  0.3249 |   3.2169 |  0.9982 |  0.2604 |   3.2169 | 176
  12 |   3.1906 |  0.9981 |  0.2812 |   3.2112 |  0.9981 |  0.2552 |   3.2112 | 192
  13 |   3.1605 |  0.9981 |  0.1901 |   3.2169 |  0.9981 |  0.0365 |   3.2112 | 208
  14 |   3.1772 |  0.9981 |  0.0000 |   3.2162 |  0.9981 |  0.0013 |   3.2112 | 224
  15 |   3.1558 |  0.9982 |  0.1191 |   3.2075 |  0.9982 |  0.1536 |   3.2075 | 240
  16 |   3.1790 |  0.9981 |  0.0000 |   3.2201 |  0.9981 |  0.0000 |   3.2075 | 256
  17 |   3.1992 |  0.9981 |  0.0859 |   3.2078 |  0.9981 |  0.1458 |   3.2075 | 272
  18 |   3.1516 |  0.9981 |  0.2500 |   3.2012 |  0.9981 |  0.2500 |   3.2012 | 288
  19 |   3.1880 |  0.9980 |  0.1914 |   3.2031 |  0.9980 |  0.1146 |   3.2012 | 304
  20 |   3.1618 |  0.9980 |  0.3112 |   3.1982 |  0.9980 |  0.2695 |   3.1982 | 320
  21 |   3.1582 |  0.9979 |  0.2839 |   3.1989 |  0.9979 |  0.2591 |   3.1982 | 336
  22 |   3.1840 |  0.9980 |  0.2181 |   3.2000 |  0.9980 |  0.2357 |   3.1982 | 352
  23 |   3.1562 |  0.9978 |  0.2500 |   3.1961 |  0.9978 |  0.2500 |   3.1961 | 368
  24 |   3.1490 |  0.9975 |  0.1621 |   3.1975 |  0.9975 |  0.1354 |   3.1961 | 384
  25 |   3.1532 |  0.9974 |  0.2721 |   3.1999 |  0.9974 |  0.0182 |   3.1961 | 400
  26 |   3.1536 |  0.9974 |  0.3255 |   3.1934 |  0.9974 |  0.2826 |   3.1934 | 416
  27 |   3.1646 |  0.9973 |  0.0000 |   3.1981 |  0.9973 |  0.0000 |   3.1934 | 432
  28 |   3.1867 |  0.9974 |  0.2012 |   3.1926 |  0.9974 |  0.2266 |   3.1926 | 448
  29 |   3.1465 |  0.9973 |  0.0736 |   3.1944 |  0.9973 |  0.0938 |   3.1926 | 464
  30 |   3.1300 |  0.9972 |  0.2721 |   3.1958 |  0.9972 |  0.2539 |   3.1926 | 480
  Layer 0: freq=1.00, threshold=0.200
  Layer 1: freq=1.80, threshold=0.250
  Layer 2: freq=3.00, threshold=0.300
  Layer 3: freq=5.00, threshold=0.400
  ep |    tr_CE |   tr_RC |    tr_E |   val_CE |  val_RC |   spike |   best_v | step
------------------------------------------------------------------------------------
   1 |   4.6483 |  0.9977 |  0.0000 |   4.6647 |  0.9977 |  0.0000 |   4.6647 | 16
   2 |   4.0090 |  0.9976 |  0.1361 |   4.0305 |  0.9976 |  0.2500 |   4.0305 | 32
   3 |   3.6100 |  0.9972 |  0.0000 |   3.6445 |  0.9972 |  0.0000 |   3.6445 | 48
   4 |   3.4122 |  0.9968 |  0.0169 |   3.4425 |  0.9968 |  0.0000 |   3.4425 | 64
   5 |   3.2747 |  0.9968 |  0.3301 |   3.3274 |  0.9968 |  0.0625 |   3.3274 | 80
   6 |   3.2038 |  0.9965 |  1.0000 |   3.2319 |  0.9965 |  1.0000 |   3.2319 | 96
   7 |   3.2015 |  0.9965 |  0.0000 |   3.2725 |  0.9965 |  0.0000 |   3.2319 | 112
   8 |   3.2166 |  0.9968 |  0.0000 |   3.2365 |  0.9968 |  0.0000 |   3.2319 | 128
   9 |   3.1762 |  0.9966 |  0.1738 |   3.2253 |  0.9966 |  0.0000 |   3.2253 | 144
  10 |   3.1635 |  0.9966 |  0.0000 |   3.2109 |  0.9966 |  0.0000 |   3.2109 | 160
  11 |   3.2327 |  0.9966 |  0.0000 |   3.2738 |  0.9966 |  0.0000 |   3.2109 | 176
  12 |   3.1929 |  0.9971 |  0.0000 |   3.2108 |  0.9971 |  0.0000 |   3.2108 | 192
  13 |   3.1540 |  0.9972 |  0.0000 |   3.2020 |  0.9972 |  0.0000 |   3.2020 | 208
  14 |   3.1582 |  0.9973 |  0.9740 |   3.1976 |  0.9973 |  0.7826 |   3.1976 | 224
  15 |   3.1411 |  0.9975 |  1.0000 |   3.1969 |  0.9975 |  1.0000 |   3.1969 | 240
  16 |   3.1589 |  0.9974 |  0.9740 |   3.2016 |  0.9974 |  0.9792 |   3.1969 | 256
  17 |   3.1838 |  0.9976 |  1.0000 |   3.1973 |  0.9976 |  1.0000 |   3.1969 | 272
  18 |   3.1443 |  0.9977 |  0.4701 |   3.1937 |  0.9977 |  0.3633 |   3.1937 | 288
  19 |   3.1790 |  0.9981 |  0.6465 |   3.1911 |  0.9981 |  0.5833 |   3.1911 | 304
  20 |   3.1545 |  0.9981 |  0.8099 |   3.1929 |  0.9981 |  0.7865 |   3.1911 | 320
  21 |   3.1536 |  0.9981 |  0.9844 |   3.1964 |  0.9981 |  0.9792 |   3.1911 | 336
  22 |   3.1796 |  0.9975 |  0.1530 |   3.1946 |  0.9975 |  0.2461 |   3.1911 | 352
  23 |   3.1533 |  0.9973 |  0.3314 |   3.1931 |  0.9973 |  0.3464 |   3.1911 | 368
  24 |   3.1453 |  0.9971 |  0.8581 |   3.1956 |  0.9971 |  0.8568 |   3.1911 | 384
  25 |   3.1512 |  0.9973 |  0.2923 |   3.1929 |  0.9973 |  0.3021 |   3.1911 | 400
  26 |   3.1520 |  0.9973 |  0.9688 |   3.1926 |  0.9973 |  0.9688 |   3.1911 | 416
  27 |   3.1565 |  0.9973 |  0.2253 |   3.1914 |  0.9973 |  0.2500 |   3.1911 | 432
  28 |   3.1842 |  0.9973 |  0.7721 |   3.1903 |  0.9973 |  0.7188 |   3.1903 | 448
  29 |   3.1420 |  0.9976 |  0.7630 |   3.1930 |  0.9976 |  0.7292 |   3.1903 | 464
  30 |   3.1292 |  0.9976 |  0.7103 |   3.1950 |  0.9976 |  0.6979 |   3.1903 | 480
{
  "epochs": 30,
  "seq_len": 96,
  "num_train_batches": 16,
  "num_val_batches": 8,
  "minutes": 45,
  "long": true,
  "seeds": [
    42,
    43
  ],
  "schemes": "full",
  "rows": [
    {
      "mode": "absolute / normal (v03)",
      "best_val_ce_mean": 2.9911364018917084,
      "best_val_ce_std": 0.02667289972305298,
      "final_val_acc1_mean": 0.20252193417400122,
      "final_val_acc1_std": 0.009978069923818111
    },
    {
      "mode": "absolute_modV / normal (v03)",
      "best_val_ce_mean": 2.9911364018917084,
      "best_val_ce_std": 0.02667289972305298,
      "final_val_acc1_mean": 0.20252193417400122,
      "final_val_acc1_std": 0.009978069923818111
    },
    {
      "mode": "token_as_pos / normal (v03)",
      "best_val_ce_mean": 2.995119333267212,
      "best_val_ce_std": 0.007598221302032471,
      "final_val_acc1_mean": 0.20378289837390184,
      "final_val_acc1_std": 0.014747808687388897
    },
    {
      "mode": "absolute / normal x0.5 (v03)",
      "best_val_ce_mean": 2.989121824502945,
      "best_val_ce_std": 0.019803941249847412,
      "final_val_acc1_mean": 0.2081140372902155,
      "final_val_acc1_std": 0.0013157892972230911
    },
    {
      "mode": "absolute / off (v03)",
      "best_val_ce_mean": 3.191431373357773,
      "best_val_ce_std": 0.0011485815048217773,
      "final_val_acc1_mean": 0.19254386611282825,
      "final_val_acc1_std": 0.0
    }
  ],
  "per_run": [
    {
      "label": "absolute / normal (v03)",
      "seed": 42,
      "best_val_ce": 3.0178093016147614,
      "final_val_acc1": 0.1925438642501831,
      "dynamics_png": "wikitext08_input_absolute_normal_s42_20260402_111034_dynamics.png",
      "epoch_csv": "wikitext08_input_absolute_normal_s42_20260402_111034.csv"
    },
    {
      "label": "absolute / normal (v03)",
      "seed": 43,
      "best_val_ce": 2.9644635021686554,
      "final_val_acc1": 0.21250000409781933,
      "dynamics_png": "wikitext08_input_absolute_normal_s43_20260402_111034_dynamics.png",
      "epoch_csv": "wikitext08_input_absolute_normal_s43_20260402_111034.csv"
    },
    {
      "label": "absolute_modV / normal (v03)",
      "seed": 42,
      "best_val_ce": 3.0178093016147614,
      "final_val_acc1": 0.1925438642501831,
      "dynamics_png": "wikitext08_input_absolute_modV_normal_s42_20260402_111034_dynamics.png",
      "epoch_csv": "wikitext08_input_absolute_modV_normal_s42_20260402_111034.csv"
    },
    {
      "label": "absolute_modV / normal (v03)",
      "seed": 43,
      "best_val_ce": 2.9644635021686554,
      "final_val_acc1": 0.21250000409781933,
      "dynamics_png": "wikitext08_input_absolute_modV_normal_s43_20260402_111034_dynamics.png",
      "epoch_csv": "wikitext08_input_absolute_modV_normal_s43_20260402_111034.csv"
    },
    {
      "label": "token_as_pos / normal (v03)",
      "seed": 42,
      "best_val_ce": 2.9875211119651794,
      "final_val_acc1": 0.18903508968651295,
      "dynamics_png": "wikitext08_input_token_as_pos_normal_s42_20260402_111034_dynamics.png",
      "epoch_csv": "wikitext08_input_token_as_pos_normal_s42_20260402_111034.csv"
    },
    {
      "label": "token_as_pos / normal (v03)",
      "seed": 43,
      "best_val_ce": 3.0027175545692444,
      "final_val_acc1": 0.21853070706129074,
      "dynamics_png": "wikitext08_input_token_as_pos_normal_s43_20260402_111034_dynamics.png",
      "epoch_csv": "wikitext08_input_token_as_pos_normal_s43_20260402_111034.csv"
    },
    {
      "label": "absolute / normal x0.5 (v03)",
      "seed": 42,
      "best_val_ce": 2.9693178832530975,
      "final_val_acc1": 0.20942982658743858,
      "dynamics_png": "wikitext08_input_absolute_normal_cs0p5_s42_20260402_111034_dynamics.png",
      "epoch_csv": "wikitext08_input_absolute_normal_cs0p5_s42_20260402_111034.csv"
    },
    {
      "label": "absolute / normal x0.5 (v03)",
      "seed": 43,
      "best_val_ce": 3.0089257657527924,
      "final_val_acc1": 0.2067982479929924,
      "dynamics_png": "wikitext08_input_absolute_normal_cs0p5_s43_20260402_111034_dynamics.png",
      "epoch_csv": "wikitext08_input_absolute_normal_cs0p5_s43_20260402_111034.csv"
    },
    {
      "label": "absolute / off (v03)",
      "seed": 42,
      "best_val_ce": 3.1925799548625946,
      "final_val_acc1": 0.19254386611282825,
      "dynamics_png": "wikitext08_input_absolute_off_s42_20260402_111034_dynamics.png",
      "epoch_csv": "wikitext08_input_absolute_off_s42_20260402_111034.csv"
    },
    {
      "label": "absolute / off (v03)",
      "seed": 43,
      "best_val_ce": 3.190282791852951,
      "final_val_acc1": 0.19254386611282825,
      "dynamics_png": "wikitext08_input_absolute_off_s43_20260402_111034_dynamics.png",
      "epoch_csv": "wikitext08_input_absolute_off_s43_20260402_111034.csv"
    }
  ],
  "bar_png": "wikitext08_input_schemes_20260402_111034.png",
  "dynamics_note": "Each run: *_dynamics.png (val CE, acc@1, train CE, RC/spike by epoch)"
}

Wrote /home/alex1/Desktop/WFR-Memory-Test/experiments/08-wikitext-rfp/outputs/wikitext08_input_schemes_20260402_111034.json
