  Layer 0: freq=1.00, threshold=0.200
  Layer 1: freq=1.80, threshold=0.250
  Layer 2: freq=3.00, threshold=0.300
  Layer 3: freq=5.00, threshold=0.400
  ep |    tr_CE |   tr_RC |    tr_E |   val_CE |  val_RC |   spike |   best_v | step
------------------------------------------------------------------------------------
   1 |   4.8662 |  0.6887 |  0.2235 |   4.8830 |  0.6899 |  0.2151 |   4.8830 | 16
   2 |   3.9733 |  0.7489 |  0.3910 |   4.0588 |  0.7492 |  0.2943 |   4.0588 | 32
   3 |   3.7845 |  0.8030 |  0.0086 |   3.8154 |  0.8040 |  0.0120 |   3.8154 | 48
   4 |   3.5071 |  0.8479 |  0.0048 |   3.5344 |  0.8490 |  0.0086 |   3.5344 | 64
   5 |   3.3272 |  0.8755 |  0.0633 |   3.3654 |  0.8755 |  0.0795 |   3.3654 | 80
   6 |   3.1952 |  0.8912 |  0.2189 |   3.2325 |  0.8916 |  0.1661 |   3.2325 | 96
   7 |   3.1354 |  0.9009 |  0.1909 |   3.1876 |  0.9002 |  0.1842 |   3.1876 | 112
   8 |   3.0591 |  0.9002 |  0.7407 |   3.0882 |  0.9019 |  0.7375 |   3.0882 | 128
   9 |   3.0092 |  0.9052 |  0.6835 |   3.0513 |  0.9046 |  0.6846 |   3.0513 | 144
  10 |   3.1070 |  0.9078 |  0.2643 |   3.1432 |  0.9074 |  0.2535 |   3.0513 | 160
  11 |   3.0406 |  0.9121 |  0.3286 |   3.0702 |  0.9116 |  0.3447 |   3.0513 | 176
  12 |   3.0258 |  0.9180 |  0.3411 |   3.0417 |  0.9176 |  0.3452 |   3.0417 | 192
  13 |   3.0050 |  0.9217 |  0.3315 |   3.0447 |  0.9206 |  0.3356 |   3.0417 | 208
  14 |   2.9897 |  0.9225 |  0.3059 |   3.0184 |  0.9213 |  0.3187 |   3.0184 | 224
  15 |   3.0147 |  0.9248 |  0.2001 |   3.0613 |  0.9234 |  0.1952 |   3.0184 | 240
  16 |   3.1190 |  0.9219 |  0.2176 |   3.1569 |  0.9215 |  0.2319 |   3.0184 | 256
  17 |   3.0162 |  0.9218 |  0.3060 |   3.0285 |  0.9224 |  0.3069 |   3.0184 | 272
  18 |   2.9820 |  0.9260 |  0.3210 |   3.0187 |  0.9256 |  0.3217 |   3.0184 | 288
  19 |   3.1037 |  0.9283 |  0.2381 |   3.1116 |  0.9286 |  0.2453 |   3.0184 | 304
  20 |   3.0265 |  0.9325 |  0.3400 |   3.0565 |  0.9310 |  0.3364 |   3.0184 | 320
  21 |   3.1328 |  0.9326 |  0.1319 |   3.1822 |  0.9313 |  0.1323 |   3.0184 | 336
  22 |   3.1340 |  0.9334 |  0.1128 |   3.1528 |  0.9336 |  0.1119 |   3.0184 | 352
  23 |   3.0015 |  0.9353 |  0.3388 |   3.0327 |  0.9340 |  0.3428 |   3.0184 | 368
  24 |   3.0515 |  0.9334 |  0.1321 |   3.0916 |  0.9321 |  0.1364 |   3.0184 | 384
  25 |   3.0465 |  0.9338 |  0.1172 |   3.0799 |  0.9326 |  0.1238 |   3.0184 | 400
  26 |   3.0232 |  0.9349 |  0.2788 |   3.0548 |  0.9339 |  0.2801 |   3.0184 | 416
  27 |   3.0441 |  0.9361 |  0.1276 |   3.0768 |  0.9348 |  0.1305 |   3.0184 | 432
  28 |   3.0316 |  0.9309 |  0.3701 |   3.0368 |  0.9315 |  0.3754 |   3.0184 | 448
  29 |   2.9820 |  0.9328 |  0.2116 |   3.0109 |  0.9313 |  0.2068 |   3.0109 | 464
  30 |   2.9539 |  0.9342 |  0.5586 |   3.0071 |  0.9312 |  0.5711 |   3.0071 | 480
  31 |   3.0502 |  0.9317 |  0.2058 |   3.1189 |  0.9301 |  0.1948 |   3.0071 | 496
  32 |   2.9880 |  0.9336 |  0.3330 |   3.0139 |  0.9318 |  0.3415 |   3.0071 | 512
  33 |   2.9964 |  0.9365 |  0.3549 |   3.0128 |  0.9352 |  0.3943 |   3.0071 | 528
  34 |   2.9924 |  0.9348 |  0.3135 |   3.0057 |  0.9336 |  0.3174 |   3.0057 | 544
  35 |   2.9823 |  0.9370 |  0.3836 |   2.9958 |  0.9366 |  0.3879 |   2.9958 | 560
  36 |   3.0352 |  0.9389 |  0.2667 |   3.0582 |  0.9379 |  0.3009 |   2.9958 | 576
  Layer 0: freq=1.00, threshold=0.200
  Layer 1: freq=1.80, threshold=0.250
  Layer 2: freq=3.00, threshold=0.300
  Layer 3: freq=5.00, threshold=0.400
  ep |    tr_CE |   tr_RC |    tr_E |   val_CE |  val_RC |   spike |   best_v | step
------------------------------------------------------------------------------------
   1 |   4.8627 |  0.6886 |  0.2282 |   4.8770 |  0.6898 |  0.2262 |   4.8770 | 16
   2 |   3.9625 |  0.7510 |  0.4156 |   4.0743 |  0.7513 |  0.2754 |   4.0743 | 32
   3 |   3.7769 |  0.8084 |  0.0092 |   3.8000 |  0.8094 |  0.0175 |   3.8000 | 48
   4 |   3.4988 |  0.8529 |  0.0280 |   3.5215 |  0.8540 |  0.0408 |   3.5215 | 64
   5 |   3.2885 |  0.8809 |  0.1809 |   3.3357 |  0.8809 |  0.1761 |   3.3357 | 80
   6 |   3.2176 |  0.8962 |  0.1381 |   3.2465 |  0.8966 |  0.1161 |   3.2465 | 96
   7 |   3.0881 |  0.9066 |  0.4227 |   3.1368 |  0.9059 |  0.4174 |   3.1368 | 112
   8 |   3.3569 |  0.9059 |  0.0089 |   3.3717 |  0.9074 |  0.0090 |   3.1368 | 128
   9 |   3.1478 |  0.9069 |  0.0000 |   3.1911 |  0.9063 |  0.0000 |   3.1368 | 144
  10 |   3.0482 |  0.9062 |  0.1977 |   3.0909 |  0.9057 |  0.1808 |   3.0909 | 160
  11 |   3.0146 |  0.9085 |  0.3775 |   3.0626 |  0.9080 |  0.3510 |   3.0626 | 176
  12 |   3.0922 |  0.9098 |  0.1806 |   3.1170 |  0.9098 |  0.1937 |   3.0626 | 192
  13 |   2.9967 |  0.9094 |  0.3505 |   3.0402 |  0.9089 |  0.3392 |   3.0402 | 208
  14 |   2.9855 |  0.9101 |  0.4131 |   3.0178 |  0.9094 |  0.4082 |   3.0178 | 224
  15 |   3.0121 |  0.9117 |  0.0541 |   3.0550 |  0.9108 |  0.0573 |   3.0178 | 240
  16 |   3.0090 |  0.9121 |  0.1802 |   3.0512 |  0.9119 |  0.1768 |   3.0178 | 256
  17 |   3.1088 |  0.9127 |  0.0672 |   3.1215 |  0.9137 |  0.0860 |   3.0178 | 272
  18 |   3.0813 |  0.9171 |  0.0501 |   3.1265 |  0.9161 |  0.0397 |   3.0178 | 288
  19 |   3.1154 |  0.9165 |  0.0429 |   3.1235 |  0.9169 |  0.0464 |   3.0178 | 304
  20 |   3.0221 |  0.9158 |  0.0050 |   3.0408 |  0.9147 |  0.0078 |   3.0178 | 320
  21 |   3.0334 |  0.9163 |  0.0000 |   3.0630 |  0.9151 |  0.0000 |   3.0178 | 336
  22 |   3.0348 |  0.9179 |  0.0033 |   3.0438 |  0.9181 |  0.0033 |   3.0178 | 352
  23 |   3.0037 |  0.9218 |  0.0021 |   3.0348 |  0.9211 |  0.0034 |   3.0178 | 368
  24 |   2.9923 |  0.9246 |  0.0021 |   3.0331 |  0.9233 |  0.0033 |   3.0178 | 384
  25 |   3.0233 |  0.9263 |  0.0015 |   3.0562 |  0.9253 |  0.0021 |   3.0178 | 400
  26 |   2.9991 |  0.9287 |  0.0008 |   3.0522 |  0.9283 |  0.0128 |   3.0178 | 416
  27 |   3.0950 |  0.9317 |  0.0530 |   3.1032 |  0.9305 |  0.0197 |   3.0178 | 432
  28 |   3.0336 |  0.9293 |  0.0010 |   3.0404 |  0.9299 |  0.0012 |   3.0178 | 448
  29 |   3.0099 |  0.9310 |  0.0000 |   3.0425 |  0.9304 |  0.0000 |   3.0178 | 464
  30 |   2.9727 |  0.9337 |  0.0030 |   3.0452 |  0.9318 |  0.0038 |   3.0178 | 480
  31 |   3.0150 |  0.9349 |  0.0094 |   3.0738 |  0.9335 |  0.0285 |   3.0178 | 496
  32 |   3.0820 |  0.9355 |  0.1348 |   3.1140 |  0.9348 |  0.1043 |   3.0178 | 512
  33 |   3.0399 |  0.9371 |  0.0007 |   3.0511 |  0.9364 |  0.0000 |   3.0178 | 528
  34 |   3.0166 |  0.9356 |  0.0012 |   3.0325 |  0.9354 |  0.0022 |   3.0178 | 544
  35 |   3.0850 |  0.9336 |  0.1233 |   3.0916 |  0.9341 |  0.1124 |   3.0178 | 560
  36 |   3.0521 |  0.9338 |  0.1307 |   3.0928 |  0.9337 |  0.1283 |   3.0178 | 576
  Layer 0: freq=1.00, threshold=0.200
  Layer 1: freq=1.80, threshold=0.250
  Layer 2: freq=3.00, threshold=0.300
  Layer 3: freq=5.00, threshold=0.400
  ep |    tr_CE |   tr_RC |    tr_E |   val_CE |  val_RC |   spike |   best_v | step
------------------------------------------------------------------------------------
   1 |   4.6440 |  0.7006 |  0.2035 |   4.6694 |  0.7022 |  0.1835 |   4.6694 | 16
   2 |   3.9184 |  0.7739 |  0.1806 |   3.9328 |  0.7747 |  0.1823 |   3.9328 | 32
   3 |   3.4804 |  0.8308 |  0.1407 |   3.5009 |  0.8314 |  0.1551 |   3.5009 | 48
   4 |   3.2715 |  0.8607 |  0.1917 |   3.3422 |  0.8611 |  0.1177 |   3.3422 | 64
   5 |   3.3223 |  0.8877 |  0.0047 |   3.3434 |  0.8876 |  0.0155 |   3.3422 | 80
   6 |   3.2713 |  0.9071 |  0.0060 |   3.2934 |  0.9065 |  0.0111 |   3.2934 | 96
   7 |   3.1550 |  0.9148 |  0.1598 |   3.2034 |  0.9145 |  0.1835 |   3.2034 | 112
   8 |   3.1688 |  0.9228 |  0.1151 |   3.1954 |  0.9220 |  0.1095 |   3.1954 | 128
   9 |   3.1387 |  0.9259 |  0.1508 |   3.1846 |  0.9245 |  0.1870 |   3.1846 | 144
  10 |   3.0916 |  0.9264 |  0.1947 |   3.1274 |  0.9250 |  0.2080 |   3.1274 | 160
  11 |   3.0737 |  0.9276 |  0.2284 |   3.1478 |  0.9268 |  0.1525 |   3.1274 | 176
  12 |   3.1247 |  0.9278 |  0.1725 |   3.1383 |  0.9276 |  0.1597 |   3.1274 | 192
  13 |   3.1070 |  0.9323 |  0.0895 |   3.1544 |  0.9314 |  0.1095 |   3.1274 | 208
  14 |   3.0323 |  0.9326 |  0.2998 |   3.0682 |  0.9311 |  0.2928 |   3.0682 | 224
  15 |   3.0394 |  0.9334 |  0.1327 |   3.0935 |  0.9315 |  0.1381 |   3.0682 | 240
  16 |   3.0273 |  0.9359 |  0.1882 |   3.0705 |  0.9348 |  0.2101 |   3.0682 | 256
  17 |   3.0375 |  0.9348 |  0.2780 |   3.0571 |  0.9347 |  0.2559 |   3.0571 | 272
  18 |   3.0101 |  0.9378 |  0.1747 |   3.0545 |  0.9362 |  0.1810 |   3.0545 | 288
  19 |   3.0098 |  0.9400 |  0.1805 |   3.0277 |  0.9390 |  0.1853 |   3.0277 | 304
  20 |   2.9849 |  0.9432 |  0.1481 |   3.0149 |  0.9412 |  0.1548 |   3.0149 | 320
  21 |   2.9929 |  0.9441 |  0.1823 |   3.0249 |  0.9428 |  0.2261 |   3.0149 | 336
  22 |   2.9949 |  0.9418 |  0.2619 |   3.0131 |  0.9411 |  0.2639 |   3.0131 | 352
  23 |   2.9669 |  0.9402 |  0.3190 |   3.0214 |  0.9385 |  0.3445 |   3.0131 | 368
  24 |   2.9297 |  0.9395 |  0.3593 |   2.9800 |  0.9376 |  0.3606 |   2.9800 | 384
  25 |   2.9323 |  0.9399 |  0.3397 |   2.9754 |  0.9383 |  0.3370 |   2.9754 | 400
  26 |   2.9415 |  0.9428 |  0.3122 |   2.9972 |  0.9407 |  0.3132 |   2.9754 | 416
  27 |   2.9406 |  0.9422 |  0.4370 |   2.9887 |  0.9403 |  0.4066 |   2.9754 | 432
  28 |   2.9547 |  0.9434 |  0.3813 |   2.9705 |  0.9427 |  0.3499 |   2.9705 | 448
  29 |   2.9074 |  0.9473 |  0.3794 |   2.9602 |  0.9448 |  0.3778 |   2.9602 | 464
  30 |   2.9033 |  0.9476 |  0.3915 |   2.9603 |  0.9446 |  0.3908 |   2.9602 | 480
  31 |   2.9098 |  0.9473 |  0.3589 |   2.9769 |  0.9444 |  0.3628 |   2.9602 | 496
  32 |   2.9190 |  0.9475 |  0.3132 |   2.9558 |  0.9456 |  0.3223 |   2.9558 | 512
  33 |   2.9232 |  0.9469 |  0.3736 |   2.9498 |  0.9461 |  0.3668 |   2.9498 | 528
  34 |   2.9365 |  0.9480 |  0.4100 |   2.9642 |  0.9465 |  0.4090 |   2.9498 | 544
  35 |   2.9201 |  0.9460 |  0.3826 |   2.9394 |  0.9454 |  0.3786 |   2.9394 | 560
  36 |   2.9283 |  0.9450 |  0.3349 |   2.9679 |  0.9438 |  0.3281 |   2.9394 | 576
  Layer 0: freq=1.00, threshold=0.200
  Layer 1: freq=1.80, threshold=0.250
  Layer 2: freq=3.00, threshold=0.300
  Layer 3: freq=5.00, threshold=0.400
  ep |    tr_CE |   tr_RC |    tr_E |   val_CE |  val_RC |   spike |   best_v | step
------------------------------------------------------------------------------------
   1 |   4.6429 |  0.7006 |  0.2083 |   4.6683 |  0.7021 |  0.1879 |   4.6683 | 16
   2 |   3.9207 |  0.7742 |  0.1729 |   3.9352 |  0.7749 |  0.1740 |   3.9352 | 32
   3 |   3.4100 |  0.8321 |  0.4009 |   3.4536 |  0.8327 |  0.3826 |   3.4536 | 48
   4 |   3.4007 |  0.8664 |  0.0001 |   3.4306 |  0.8669 |  0.0007 |   3.4306 | 64
   5 |   3.2532 |  0.8893 |  0.0856 |   3.2900 |  0.8895 |  0.1160 |   3.2900 | 80
   6 |   3.2209 |  0.9043 |  0.1190 |   3.2425 |  0.9039 |  0.1330 |   3.2425 | 96
   7 |   3.1492 |  0.9121 |  0.1872 |   3.1944 |  0.9122 |  0.1799 |   3.1944 | 112
   8 |   3.1460 |  0.9175 |  0.1565 |   3.1759 |  0.9172 |  0.1545 |   3.1759 | 128
   9 |   3.1663 |  0.9222 |  0.0726 |   3.1988 |  0.9213 |  0.1097 |   3.1759 | 144
  10 |   3.1569 |  0.9269 |  0.0210 |   3.1584 |  0.9264 |  0.1234 |   3.1584 | 160
  11 |   3.1073 |  0.9341 |  0.0786 |   3.1532 |  0.9337 |  0.0616 |   3.1532 | 176
  12 |   3.1045 |  0.9360 |  0.1649 |   3.1198 |  0.9365 |  0.1766 |   3.1198 | 192
  13 |   3.0637 |  0.9405 |  0.4197 |   3.0999 |  0.9398 |  0.4610 |   3.0999 | 208
  14 |   3.0442 |  0.9414 |  0.5704 |   3.0809 |  0.9410 |  0.5626 |   3.0809 | 224
  15 |   2.9849 |  0.9389 |  0.5499 |   3.0408 |  0.9380 |  0.4951 |   3.0408 | 240
  16 |   3.0218 |  0.9407 |  0.4986 |   3.0586 |  0.9407 |  0.4973 |   3.0408 | 256
  17 |   3.0151 |  0.9402 |  0.4376 |   3.0342 |  0.9401 |  0.4518 |   3.0342 | 272
  18 |   2.9759 |  0.9427 |  0.4959 |   3.0217 |  0.9418 |  0.4463 |   3.0217 | 288
  19 |   2.9947 |  0.9448 |  0.3494 |   3.0069 |  0.9442 |  0.3933 |   3.0069 | 304
  20 |   3.0238 |  0.9486 |  0.5141 |   3.0874 |  0.9476 |  0.4286 |   3.0069 | 320
  21 |   3.0392 |  0.9461 |  0.2713 |   3.0717 |  0.9458 |  0.2943 |   3.0069 | 336
  22 |   3.0152 |  0.9432 |  0.5913 |   3.0266 |  0.9430 |  0.4720 |   3.0069 | 352
  23 |   2.9407 |  0.9416 |  0.5563 |   2.9853 |  0.9406 |  0.5633 |   2.9853 | 368
  24 |   2.9635 |  0.9428 |  0.4865 |   3.0144 |  0.9415 |  0.4900 |   2.9853 | 384
  25 |   2.9365 |  0.9402 |  0.5165 |   2.9830 |  0.9393 |  0.5266 |   2.9830 | 400
  26 |   2.9228 |  0.9442 |  0.4971 |   2.9808 |  0.9431 |  0.4942 |   2.9808 | 416
  27 |   2.9166 |  0.9444 |  0.5583 |   2.9674 |  0.9431 |  0.5659 |   2.9674 | 432
  28 |   3.0386 |  0.9433 |  0.4970 |   3.1226 |  0.9437 |  0.4959 |   2.9674 | 448
  29 |   2.9266 |  0.9486 |  0.5208 |   2.9861 |  0.9471 |  0.5359 |   2.9674 | 464
  30 |   2.9004 |  0.9469 |  0.4829 |   2.9645 |  0.9444 |  0.4861 |   2.9645 | 480
  31 |   2.9025 |  0.9459 |  0.3458 |   2.9581 |  0.9441 |  0.3601 |   2.9581 | 496
  32 |   2.9182 |  0.9468 |  0.3671 |   2.9576 |  0.9457 |  0.3865 |   2.9576 | 512
  33 |   2.9205 |  0.9489 |  0.4266 |   2.9539 |  0.9485 |  0.4235 |   2.9539 | 528
  34 |   2.9373 |  0.9497 |  0.3871 |   2.9578 |  0.9488 |  0.3877 |   2.9539 | 544
  35 |   2.9405 |  0.9517 |  0.3665 |   2.9633 |  0.9512 |  0.3816 |   2.9539 | 560
  36 |   2.9278 |  0.9530 |  0.2968 |   2.9598 |  0.9524 |  0.3015 |   2.9539 | 576
  Layer 0: freq=1.00, threshold=0.200
  Layer 1: freq=1.80, threshold=0.250
  Layer 2: freq=3.00, threshold=0.300
  Layer 3: freq=5.00, threshold=0.400
  ep |    tr_CE |   tr_RC |    tr_E |   val_CE |  val_RC |   spike |   best_v | step
------------------------------------------------------------------------------------
   1 |   4.7581 |  0.7668 |  0.1309 |   4.7714 |  0.7671 |  0.1545 |   4.7714 | 16
   2 |   4.0830 |  0.8524 |  0.0000 |   4.0965 |  0.8540 |  0.0000 |   4.0965 | 32
   3 |   3.6039 |  0.9036 |  0.0038 |   3.6377 |  0.9032 |  0.0010 |   3.6377 | 48
   4 |   3.3830 |  0.9278 |  0.0201 |   3.4297 |  0.9289 |  0.0113 |   3.4297 | 64
   5 |   3.2202 |  0.9388 |  0.0925 |   3.2608 |  0.9389 |  0.0727 |   3.2608 | 80
   6 |   3.1035 |  0.9426 |  0.4686 |   3.1325 |  0.9426 |  0.3632 |   3.1325 | 96
   7 |   3.2050 |  0.9423 |  0.0015 |   3.2495 |  0.9418 |  0.0026 |   3.1325 | 112
   8 |   3.0363 |  0.9442 |  0.5054 |   3.0625 |  0.9434 |  0.4121 |   3.0625 | 128
   9 |   2.9907 |  0.9459 |  0.5060 |   3.0461 |  0.9448 |  0.3669 |   3.0461 | 144
  10 |   2.9853 |  0.9463 |  0.4012 |   3.0377 |  0.9453 |  0.3103 |   3.0377 | 160
  11 |   2.9894 |  0.9454 |  0.3069 |   3.0379 |  0.9445 |  0.2342 |   3.0377 | 176
  12 |   2.9988 |  0.9448 |  0.2093 |   3.0202 |  0.9445 |  0.2033 |   3.0202 | 192
  13 |   2.9990 |  0.9480 |  0.2414 |   3.0399 |  0.9469 |  0.2396 |   3.0202 | 208
  14 |   2.9605 |  0.9471 |  0.1812 |   2.9984 |  0.9465 |  0.1998 |   2.9984 | 224
  15 |   2.9308 |  0.9482 |  0.2021 |   2.9832 |  0.9469 |  0.2086 |   2.9832 | 240
  16 |   2.9417 |  0.9504 |  0.2006 |   2.9811 |  0.9491 |  0.2075 |   2.9811 | 256
  17 |   2.9707 |  0.9489 |  0.1972 |   2.9912 |  0.9488 |  0.1967 |   2.9811 | 272
  18 |   2.9242 |  0.9486 |  0.1883 |   2.9722 |  0.9473 |  0.1850 |   2.9722 | 288
  19 |   2.9513 |  0.9491 |  0.1950 |   2.9721 |  0.9488 |  0.1946 |   2.9721 | 304
  20 |   2.9392 |  0.9481 |  0.1919 |   2.9671 |  0.9468 |  0.1927 |   2.9671 | 320
  21 |   2.9337 |  0.9476 |  0.1897 |   2.9630 |  0.9459 |  0.1969 |   2.9630 | 336
  22 |   2.9440 |  0.9480 |  0.1635 |   2.9610 |  0.9476 |  0.1671 |   2.9610 | 352
  23 |   2.9184 |  0.9480 |  0.1908 |   2.9603 |  0.9470 |  0.1921 |   2.9603 | 368
  24 |   2.9199 |  0.9490 |  0.1918 |   2.9610 |  0.9469 |  0.1931 |   2.9603 | 384
  25 |   2.9153 |  0.9504 |  0.1878 |   2.9518 |  0.9492 |  0.1887 |   2.9518 | 400
  26 |   2.9034 |  0.9502 |  0.1957 |   2.9472 |  0.9492 |  0.1935 |   2.9472 | 416
  27 |   2.9452 |  0.9517 |  0.0031 |   2.9807 |  0.9502 |  0.0038 |   2.9472 | 432
  28 |   2.9457 |  0.9504 |  0.1570 |   2.9582 |  0.9502 |  0.1424 |   2.9472 | 448
  29 |   2.9025 |  0.9529 |  0.1067 |   2.9532 |  0.9509 |  0.1446 |   2.9472 | 464
  30 |   2.8855 |  0.9529 |  0.1902 |   2.9512 |  0.9510 |  0.1908 |   2.9472 | 480
  31 |   2.8985 |  0.9546 |  0.1922 |   2.9509 |  0.9526 |  0.1985 |   2.9472 | 496
  32 |   2.9119 |  0.9531 |  0.2024 |   2.9453 |  0.9520 |  0.2077 |   2.9453 | 512
  33 |   2.9275 |  0.9526 |  0.2087 |   2.9588 |  0.9515 |  0.2188 |   2.9453 | 528
  34 |   3.6899 |  0.9491 |  0.0000 |   3.7241 |  0.9484 |  0.0000 |   2.9453 | 544
  35 |   3.2059 |  0.9507 |  0.0000 |   3.2130 |  0.9498 |  0.0000 |   2.9453 | 560
  36 |   3.1551 |  0.9512 |  0.0000 |   3.1839 |  0.9498 |  0.0000 |   2.9453 | 576
  Layer 0: freq=1.00, threshold=0.200
  Layer 1: freq=1.80, threshold=0.250
  Layer 2: freq=3.00, threshold=0.300
  Layer 3: freq=5.00, threshold=0.400
  ep |    tr_CE |   tr_RC |    tr_E |   val_CE |  val_RC |   spike |   best_v | step
------------------------------------------------------------------------------------
   1 |   4.7579 |  0.7669 |  0.1317 |   4.7715 |  0.7672 |  0.1528 |   4.7715 | 16
   2 |   4.0822 |  0.8520 |  0.0000 |   4.0960 |  0.8536 |  0.0000 |   4.0960 | 32
   3 |   3.5970 |  0.9027 |  0.0131 |   3.6339 |  0.9023 |  0.0000 |   3.6339 | 48
   4 |   3.3209 |  0.9256 |  0.2097 |   3.3573 |  0.9268 |  0.1715 |   3.3573 | 64
   5 |   3.1840 |  0.9351 |  0.3267 |   3.2845 |  0.9353 |  0.0510 |   3.2845 | 80
   6 |   3.0896 |  0.9346 |  0.5004 |   3.1244 |  0.9347 |  0.3912 |   3.1244 | 96
   7 |   3.0692 |  0.9338 |  0.1782 |   3.1203 |  0.9331 |  0.1197 |   3.1203 | 112
   8 |   3.1623 |  0.9348 |  0.0015 |   3.1812 |  0.9344 |  0.0053 |   3.1203 | 128
   9 |   3.0371 |  0.9368 |  0.1500 |   3.0930 |  0.9355 |  0.0383 |   3.0930 | 144
  10 |   3.0144 |  0.9380 |  0.2262 |   3.0556 |  0.9370 |  0.1747 |   3.0556 | 160
  11 |   3.0065 |  0.9398 |  0.1887 |   3.0457 |  0.9391 |  0.1886 |   3.0457 | 176
  12 |   3.0126 |  0.9410 |  0.1890 |   3.0309 |  0.9409 |  0.1900 |   3.0309 | 192
  13 |   3.0034 |  0.9439 |  0.0078 |   3.0435 |  0.9430 |  0.0087 |   3.0309 | 208
  14 |   2.9782 |  0.9486 |  0.1912 |   3.0166 |  0.9472 |  0.1933 |   3.0166 | 224
  15 |   2.9955 |  0.9502 |  0.0033 |   3.0435 |  0.9487 |  0.0058 |   3.0166 | 240
  16 |   2.9683 |  0.9515 |  0.1884 |   3.0133 |  0.9499 |  0.1967 |   3.0133 | 256
  17 |   3.0076 |  0.9490 |  0.1997 |   3.0309 |  0.9490 |  0.1991 |   3.0133 | 272
  18 |   2.9534 |  0.9451 |  0.1938 |   3.0035 |  0.9437 |  0.1988 |   3.0035 | 288
  19 |   2.9793 |  0.9433 |  0.1975 |   2.9987 |  0.9428 |  0.1973 |   2.9987 | 304
  20 |   2.9652 |  0.9462 |  0.1942 |   3.0003 |  0.9448 |  0.1972 |   2.9987 | 320
  21 |   2.9545 |  0.9473 |  0.1921 |   2.9872 |  0.9457 |  0.2012 |   2.9872 | 336
  22 |   2.9653 |  0.9467 |  0.1976 |   2.9852 |  0.9461 |  0.2043 |   2.9852 | 352
  23 |   2.9359 |  0.9470 |  0.1983 |   2.9842 |  0.9460 |  0.1978 |   2.9842 | 368
  24 |   2.9289 |  0.9494 |  0.1968 |   2.9725 |  0.9474 |  0.2005 |   2.9725 | 384
  25 |   2.9632 |  0.9468 |  0.2336 |   3.0002 |  0.9454 |  0.2271 |   2.9725 | 400
  26 |   2.9532 |  0.9446 |  0.2046 |   2.9950 |  0.9434 |  0.2026 |   2.9725 | 416
  27 |   2.9349 |  0.9409 |  0.1949 |   2.9687 |  0.9393 |  0.1988 |   2.9687 | 432
  28 |   2.9578 |  0.9424 |  0.1973 |   2.9632 |  0.9417 |  0.1987 |   2.9632 | 448
  29 |   2.9157 |  0.9483 |  0.1982 |   2.9626 |  0.9449 |  0.2007 |   2.9626 | 464
  30 |   2.9006 |  0.9480 |  0.2834 |   2.9656 |  0.9450 |  0.2844 |   2.9626 | 480
  31 |   2.9087 |  0.9506 |  0.1936 |   2.9568 |  0.9472 |  0.1986 |   2.9568 | 496
  32 |   2.9270 |  0.9498 |  0.2553 |   2.9589 |  0.9484 |  0.2602 |   2.9568 | 512
  33 |   2.9278 |  0.9476 |  0.2139 |   2.9534 |  0.9462 |  0.2031 |   2.9534 | 528
  34 |   2.9551 |  0.9498 |  0.1988 |   2.9667 |  0.9491 |  0.2018 |   2.9534 | 544
  35 |   2.9550 |  0.9499 |  0.1966 |   2.9710 |  0.9493 |  0.1981 |   2.9534 | 560
  36 |   2.9325 |  0.9513 |  0.3562 |   2.9635 |  0.9492 |  0.3674 |   2.9534 | 576
  Layer 0: freq=1.00, threshold=0.200
  Layer 1: freq=1.80, threshold=0.250
  Layer 2: freq=3.00, threshold=0.300
  Layer 3: freq=5.00, threshold=0.400
  ep |    tr_CE |   tr_RC |    tr_E |   val_CE |  val_RC |   spike |   best_v | step
------------------------------------------------------------------------------------
   1 |   4.9743 |  0.6871 |  0.0256 |   4.9826 |  0.6882 |  0.0318 |   4.9826 | 16
   2 |   4.1013 |  0.7403 |  0.2211 |   4.1300 |  0.7409 |  0.1981 |   4.1300 | 32
   3 |   3.5577 |  0.7851 |  0.3073 |   3.6830 |  0.7861 |  0.1121 |   3.6830 | 48
   4 |   3.3993 |  0.8155 |  0.1223 |   3.4297 |  0.8171 |  0.1122 |   3.4297 | 64
   5 |   3.2071 |  0.8396 |  0.2836 |   3.2941 |  0.8399 |  0.1749 |   3.2941 | 80
   6 |   3.2392 |  0.8548 |  0.0951 |   3.2559 |  0.8556 |  0.0973 |   3.2559 | 96
   7 |   3.1170 |  0.8661 |  0.0984 |   3.1598 |  0.8660 |  0.0991 |   3.1598 | 112
   8 |   3.0939 |  0.8666 |  0.1749 |   3.1122 |  0.8680 |  0.1915 |   3.1122 | 128
   9 |   3.0436 |  0.8709 |  0.1462 |   3.0839 |  0.8711 |  0.1461 |   3.0839 | 144
  10 |   3.0014 |  0.8730 |  0.2322 |   3.0626 |  0.8729 |  0.2271 |   3.0626 | 160
  11 |   3.0895 |  0.8787 |  0.0403 |   3.1193 |  0.8788 |  0.0296 |   3.0626 | 176
  12 |   3.0553 |  0.8817 |  0.0392 |   3.0638 |  0.8824 |  0.0406 |   3.0626 | 192
  13 |   3.0216 |  0.8867 |  0.1029 |   3.0640 |  0.8865 |  0.1041 |   3.0626 | 208
  14 |   3.0143 |  0.8891 |  0.1005 |   3.0431 |  0.8895 |  0.1053 |   3.0431 | 224
  15 |   3.0122 |  0.8917 |  0.0990 |   3.0515 |  0.8916 |  0.1000 |   3.0431 | 240
  16 |   3.0204 |  0.8935 |  0.0061 |   3.0492 |  0.8939 |  0.0111 |   3.0431 | 256
  17 |   2.9934 |  0.8951 |  0.2931 |   3.0108 |  0.8961 |  0.2936 |   3.0108 | 272
  18 |   2.9877 |  0.8980 |  0.1042 |   3.0267 |  0.8984 |  0.1072 |   3.0108 | 288
  19 |   3.0398 |  0.8999 |  0.0707 |   3.0551 |  0.9004 |  0.0472 |   3.0108 | 304
  20 |   2.9868 |  0.9007 |  0.2898 |   3.0170 |  0.9007 |  0.2951 |   3.0108 | 320
  21 |   2.9786 |  0.9004 |  0.2875 |   3.0061 |  0.9005 |  0.3003 |   3.0061 | 336
  22 |   2.9809 |  0.9006 |  0.2937 |   2.9929 |  0.9016 |  0.2993 |   2.9929 | 352
  23 |   2.9705 |  0.9047 |  0.2077 |   3.0091 |  0.9046 |  0.2140 |   2.9929 | 368
  24 |   2.9560 |  0.9073 |  0.2021 |   2.9970 |  0.9069 |  0.2076 |   2.9929 | 384
  25 |   2.9518 |  0.9094 |  0.2481 |   2.9881 |  0.9095 |  0.2476 |   2.9881 | 400
  26 |   2.9443 |  0.9119 |  0.2515 |   2.9875 |  0.9121 |  0.2526 |   2.9875 | 416
  27 |   2.9631 |  0.9154 |  0.2263 |   3.0095 |  0.9148 |  0.2362 |   2.9875 | 432
  28 |   2.9760 |  0.9135 |  0.2274 |   2.9946 |  0.9149 |  0.2309 |   2.9875 | 448
  29 |   2.9644 |  0.9166 |  0.2221 |   3.0159 |  0.9162 |  0.2299 |   2.9875 | 464
  30 |   3.1391 |  0.9171 |  0.1363 |   3.3549 |  0.9158 |  0.1471 |   2.9875 | 480
  31 |   2.9902 |  0.9141 |  0.1568 |   3.0459 |  0.9134 |  0.1292 |   2.9875 | 496
  32 |   2.9652 |  0.9129 |  0.2023 |   3.0123 |  0.9122 |  0.2108 |   2.9875 | 512
  33 |   2.9659 |  0.9119 |  0.3082 |   3.0008 |  0.9115 |  0.3062 |   2.9875 | 528
  34 |   2.9671 |  0.9139 |  0.2098 |   2.9902 |  0.9138 |  0.2151 |   2.9875 | 544
  35 |   3.0131 |  0.9108 |  0.2567 |   3.0288 |  0.9112 |  0.2544 |   2.9875 | 560
  36 |   2.9635 |  0.9083 |  0.3150 |   3.0012 |  0.9088 |  0.3171 |   2.9875 | 576
  Layer 0: freq=1.00, threshold=0.200
  Layer 1: freq=1.80, threshold=0.250
  Layer 2: freq=3.00, threshold=0.300
  Layer 3: freq=5.00, threshold=0.400
  ep |    tr_CE |   tr_RC |    tr_E |   val_CE |  val_RC |   spike |   best_v | step
------------------------------------------------------------------------------------
   1 |   4.7067 |  0.7068 |  0.1107 |   4.7213 |  0.7084 |  0.1085 |   4.7213 | 16
   2 |   3.8889 |  0.7798 |  0.3393 |   3.9055 |  0.7806 |  0.3487 |   3.9055 | 32
   3 |   3.4318 |  0.8357 |  0.5124 |   3.4703 |  0.8362 |  0.5408 |   3.4703 | 48
   4 |   3.3270 |  0.8660 |  0.0885 |   3.4085 |  0.8664 |  0.0093 |   3.4085 | 64
   5 |   3.2902 |  0.8893 |  0.0023 |   3.3254 |  0.8890 |  0.0024 |   3.3254 | 80
   6 |   3.2287 |  0.9071 |  0.0960 |   3.2577 |  0.9064 |  0.0990 |   3.2577 | 96
   7 |   3.1574 |  0.9125 |  0.1966 |   3.2034 |  0.9122 |  0.2008 |   3.2034 | 112
   8 |   3.1427 |  0.9100 |  0.2324 |   3.1662 |  0.9098 |  0.1842 |   3.1662 | 128
   9 |   3.0993 |  0.9091 |  0.2152 |   3.1412 |  0.9082 |  0.2431 |   3.1412 | 144
  10 |   3.0934 |  0.9141 |  0.2021 |   3.1357 |  0.9132 |  0.2013 |   3.1357 | 160
  11 |   3.0628 |  0.9193 |  0.2959 |   3.1093 |  0.9186 |  0.2974 |   3.1093 | 176
  12 |   3.0878 |  0.9234 |  0.2581 |   3.1164 |  0.9236 |  0.2346 |   3.1093 | 192
  13 |   3.0437 |  0.9284 |  0.1151 |   3.0863 |  0.9278 |  0.1281 |   3.0863 | 208
  14 |   3.0081 |  0.9320 |  0.3314 |   3.0459 |  0.9311 |  0.3365 |   3.0459 | 224
  15 |   2.9650 |  0.9343 |  0.4284 |   3.0208 |  0.9328 |  0.4400 |   3.0208 | 240
  16 |   2.9613 |  0.9352 |  0.3726 |   3.0027 |  0.9341 |  0.3886 |   3.0027 | 256
  17 |   3.0687 |  0.9363 |  0.1407 |   3.0827 |  0.9368 |  0.1392 |   3.0027 | 272
  18 |   3.1201 |  0.9303 |  0.2460 |   3.1827 |  0.9299 |  0.2464 |   3.0027 | 288
  19 |   3.0890 |  0.9188 |  0.3221 |   3.1099 |  0.9185 |  0.3253 |   3.0027 | 304
  20 |   3.0598 |  0.9179 |  0.2782 |   3.0974 |  0.9174 |  0.2793 |   3.0027 | 320
  21 |   3.0195 |  0.9168 |  0.3959 |   3.0538 |  0.9168 |  0.3956 |   3.0027 | 336
  22 |   3.0237 |  0.9183 |  0.5059 |   3.0404 |  0.9190 |  0.5080 |   3.0027 | 352
  23 |   2.9863 |  0.9200 |  0.5120 |   3.0289 |  0.9201 |  0.5128 |   3.0027 | 368
  24 |   2.9781 |  0.9228 |  0.5165 |   3.0242 |  0.9222 |  0.5133 |   3.0027 | 384
  25 |   2.9876 |  0.9245 |  0.4757 |   3.0234 |  0.9242 |  0.4779 |   3.0027 | 400
  26 |   2.9902 |  0.9261 |  0.3919 |   3.0334 |  0.9255 |  0.3987 |   3.0027 | 416
  27 |   2.9909 |  0.9278 |  0.4612 |   3.0301 |  0.9270 |  0.4626 |   3.0027 | 432
  28 |   3.0293 |  0.9281 |  0.4746 |   3.0316 |  0.9288 |  0.4780 |   3.0027 | 448
  29 |   2.9990 |  0.9287 |  0.4643 |   3.0551 |  0.9282 |  0.4616 |   3.0027 | 464
  30 |   2.9570 |  0.9279 |  0.4539 |   3.0216 |  0.9272 |  0.4069 |   3.0027 | 480
  31 |   2.9701 |  0.9287 |  0.4129 |   3.0157 |  0.9283 |  0.3713 |   3.0027 | 496
  32 |   2.9767 |  0.9291 |  0.3337 |   3.0023 |  0.9293 |  0.3108 |   3.0023 | 512
  33 |   2.9438 |  0.9283 |  0.5635 |   2.9742 |  0.9289 |  0.5557 |   2.9742 | 528
  34 |   2.9541 |  0.9287 |  0.5695 |   2.9736 |  0.9288 |  0.5487 |   2.9736 | 544
  35 |   2.9553 |  0.9303 |  0.5505 |   2.9702 |  0.9303 |  0.5617 |   2.9702 | 560
  36 |   2.9233 |  0.9302 |  0.5744 |   2.9620 |  0.9306 |  0.5544 |   2.9620 | 576
  Layer 0: freq=1.00, threshold=0.200
  Layer 1: freq=1.80, threshold=0.250
  Layer 2: freq=3.00, threshold=0.300
  Layer 3: freq=5.00, threshold=0.400
  ep |    tr_CE |   tr_RC |    tr_E |   val_CE |  val_RC |   spike |   best_v | step
------------------------------------------------------------------------------------
   1 |   4.8025 |  0.7684 |  0.0098 |   4.8072 |  0.7689 |  0.0465 |   4.8072 | 16
   2 |   4.0976 |  0.8592 |  0.0000 |   4.1105 |  0.8608 |  0.0000 |   4.1105 | 32
   3 |   3.6082 |  0.9159 |  0.0917 |   3.6417 |  0.9153 |  0.1226 |   3.6417 | 48
   4 |   3.3130 |  0.9410 |  0.3860 |   3.3736 |  0.9415 |  0.1930 |   3.3736 | 64
   5 |   3.2132 |  0.9538 |  0.7106 |   3.2760 |  0.9535 |  0.3467 |   3.2760 | 80
   6 |   3.2184 |  0.9580 |  0.0065 |   3.2429 |  0.9580 |  0.0072 |   3.2429 | 96
   7 |   3.3454 |  0.9620 |  0.4683 |   3.3894 |  0.9614 |  0.4657 |   3.2429 | 112
   8 |   3.2379 |  0.9579 |  0.0000 |   3.2580 |  0.9572 |  0.0000 |   3.2429 | 128
   9 |   3.1630 |  0.9570 |  0.0077 |   3.1986 |  0.9555 |  0.0420 |   3.1986 | 144
  10 |   3.1300 |  0.9576 |  0.1274 |   3.1659 |  0.9562 |  0.1467 |   3.1659 | 160
  11 |   3.1234 |  0.9602 |  0.0745 |   3.1534 |  0.9590 |  0.1850 |   3.1534 | 176
  12 |   3.0747 |  0.9610 |  0.2973 |   3.0904 |  0.9604 |  0.3091 |   3.0904 | 192
  13 |   3.0342 |  0.9622 |  0.2907 |   3.0829 |  0.9610 |  0.2860 |   3.0829 | 208
  14 |   3.0365 |  0.9632 |  0.2852 |   3.0731 |  0.9616 |  0.3224 |   3.0731 | 224
  15 |   3.0175 |  0.9645 |  0.2290 |   3.0733 |  0.9623 |  0.1815 |   3.0731 | 240
  16 |   3.0501 |  0.9628 |  0.3005 |   3.0652 |  0.9613 |  0.3125 |   3.0652 | 256
  17 |   3.0370 |  0.9614 |  0.1378 |   3.0440 |  0.9611 |  0.1446 |   3.0440 | 272
  18 |   2.9734 |  0.9643 |  0.2343 |   3.0224 |  0.9628 |  0.2374 |   3.0224 | 288
  19 |   3.0010 |  0.9653 |  0.2504 |   3.0196 |  0.9643 |  0.2338 |   3.0196 | 304
  20 |   2.9846 |  0.9673 |  0.1382 |   3.0153 |  0.9655 |  0.1376 |   3.0153 | 320
  21 |   3.0027 |  0.9689 |  0.1759 |   3.0226 |  0.9668 |  0.2224 |   3.0153 | 336
  22 |   3.0093 |  0.9679 |  0.1689 |   3.0269 |  0.9667 |  0.1858 |   3.0153 | 352
  23 |   2.9748 |  0.9654 |  0.1699 |   3.0274 |  0.9644 |  0.1414 |   3.0153 | 368
  24 |   3.0003 |  0.9613 |  0.1049 |   3.0910 |  0.9592 |  0.0944 |   3.0153 | 384
  25 |   2.9895 |  0.9539 |  0.2604 |   3.0343 |  0.9524 |  0.2459 |   3.0153 | 400
  26 |   2.9446 |  0.9539 |  0.2374 |   2.9908 |  0.9527 |  0.1924 |   2.9908 | 416
  27 |   2.9425 |  0.9551 |  0.1934 |   2.9788 |  0.9539 |  0.1917 |   2.9788 | 432
  28 |   2.9688 |  0.9539 |  0.2443 |   2.9758 |  0.9540 |  0.2370 |   2.9758 | 448
  29 |   2.9266 |  0.9571 |  0.2028 |   2.9706 |  0.9551 |  0.2038 |   2.9706 | 464
  30 |   2.9157 |  0.9598 |  0.1952 |   2.9731 |  0.9573 |  0.2003 |   2.9706 | 480
  31 |   2.9700 |  0.9615 |  0.1656 |   3.0192 |  0.9588 |  0.1670 |   2.9706 | 496
  32 |   2.9704 |  0.9615 |  0.1766 |   2.9969 |  0.9601 |  0.1659 |   2.9706 | 512
  33 |   2.9388 |  0.9611 |  0.2548 |   2.9693 |  0.9598 |  0.2040 |   2.9693 | 528
  34 |   2.9542 |  0.9613 |  0.2147 |   2.9658 |  0.9605 |  0.2125 |   2.9658 | 544
  35 |   2.9524 |  0.9616 |  0.1503 |   2.9690 |  0.9610 |  0.1480 |   2.9658 | 560
  36 |   2.9302 |  0.9637 |  0.2005 |   2.9567 |  0.9620 |  0.2027 |   2.9567 | 576
  Layer 0: freq=1.00, threshold=0.200
  Layer 1: freq=1.80, threshold=0.250
  Layer 2: freq=3.00, threshold=0.300
  Layer 3: freq=5.00, threshold=0.400
  ep |    tr_CE |   tr_RC |    tr_E |   val_CE |  val_RC |   spike |   best_v | step
------------------------------------------------------------------------------------
   1 |   4.9271 |  0.9986 |  0.1068 |   4.9430 |  0.9986 |  0.2500 |   4.9430 | 16
   2 |   4.2095 |  0.9986 |  0.0000 |   4.2260 |  0.9986 |  0.0104 |   4.2260 | 32
   3 |   3.6131 |  0.9986 |  0.6888 |   3.7089 |  0.9986 |  0.3802 |   3.7089 | 48
   4 |   3.5311 |  0.9985 |  0.0000 |   3.5588 |  0.9985 |  0.0000 |   3.5588 | 64
   5 |   3.2228 |  0.9985 |  1.0000 |   3.2840 |  0.9985 |  0.8724 |   3.2840 | 80
   6 |   3.2720 |  0.9985 |  0.3366 |   3.3133 |  0.9985 |  0.2083 |   3.2840 | 96
   7 |   3.2381 |  0.9984 |  0.3652 |   3.2920 |  0.9984 |  0.2500 |   3.2840 | 112
   8 |   3.2744 |  0.9982 |  0.0000 |   3.2953 |  0.9982 |  0.0000 |   3.2840 | 128
   9 |   3.1813 |  0.9982 |  0.9954 |   3.2287 |  0.9982 |  0.9089 |   3.2287 | 144
  10 |   3.1974 |  0.9983 |  0.0000 |   3.2419 |  0.9983 |  0.0000 |   3.2287 | 160
  11 |   3.1692 |  0.9982 |  0.3249 |   3.2169 |  0.9982 |  0.2604 |   3.2169 | 176
  12 |   3.1906 |  0.9981 |  0.2812 |   3.2112 |  0.9981 |  0.2552 |   3.2112 | 192
  13 |   3.1605 |  0.9981 |  0.1901 |   3.2169 |  0.9981 |  0.0365 |   3.2112 | 208
  14 |   3.1772 |  0.9981 |  0.0000 |   3.2162 |  0.9981 |  0.0013 |   3.2112 | 224
  15 |   3.1558 |  0.9982 |  0.1191 |   3.2075 |  0.9982 |  0.1536 |   3.2075 | 240
  16 |   3.1790 |  0.9981 |  0.0000 |   3.2201 |  0.9981 |  0.0000 |   3.2075 | 256
  17 |   3.1992 |  0.9981 |  0.0859 |   3.2078 |  0.9981 |  0.1458 |   3.2075 | 272
  18 |   3.1516 |  0.9981 |  0.2500 |   3.2012 |  0.9981 |  0.2500 |   3.2012 | 288
  19 |   3.1880 |  0.9980 |  0.1914 |   3.2031 |  0.9980 |  0.1146 |   3.2012 | 304
  20 |   3.1618 |  0.9980 |  0.3112 |   3.1982 |  0.9980 |  0.2695 |   3.1982 | 320
  21 |   3.1582 |  0.9979 |  0.2839 |   3.1989 |  0.9979 |  0.2591 |   3.1982 | 336
  22 |   3.1840 |  0.9980 |  0.2181 |   3.2000 |  0.9980 |  0.2357 |   3.1982 | 352
  23 |   3.1562 |  0.9978 |  0.2500 |   3.1961 |  0.9978 |  0.2500 |   3.1961 | 368
  24 |   3.1490 |  0.9975 |  0.1621 |   3.1975 |  0.9975 |  0.1354 |   3.1961 | 384
  25 |   3.1532 |  0.9974 |  0.2721 |   3.1999 |  0.9974 |  0.0182 |   3.1961 | 400
  26 |   3.1536 |  0.9974 |  0.3255 |   3.1934 |  0.9974 |  0.2826 |   3.1934 | 416
  27 |   3.1646 |  0.9973 |  0.0000 |   3.1981 |  0.9973 |  0.0000 |   3.1934 | 432
  28 |   3.1867 |  0.9974 |  0.2012 |   3.1926 |  0.9974 |  0.2266 |   3.1926 | 448
  29 |   3.1465 |  0.9973 |  0.0736 |   3.1944 |  0.9973 |  0.0938 |   3.1926 | 464
  30 |   3.1300 |  0.9972 |  0.2721 |   3.1958 |  0.9972 |  0.2539 |   3.1926 | 480
  31 |   3.1350 |  0.9973 |  0.2656 |   3.1963 |  0.9973 |  0.2513 |   3.1926 | 496
  32 |   3.1706 |  0.9973 |  0.0000 |   3.1974 |  0.9973 |  0.0039 |   3.1926 | 512
  33 |   3.1696 |  0.9973 |  0.2897 |   3.1927 |  0.9973 |  0.2513 |   3.1926 | 528
  34 |   3.1752 |  0.9972 |  0.1159 |   3.1936 |  0.9972 |  0.0729 |   3.1926 | 544
  35 |   3.1803 |  0.9972 |  0.0436 |   3.1924 |  0.9972 |  0.0625 |   3.1924 | 560
  36 |   3.1613 |  0.9973 |  0.0404 |   3.1917 |  0.9973 |  0.0638 |   3.1917 | 576
  Layer 0: freq=1.00, threshold=0.200
  Layer 1: freq=1.80, threshold=0.250
  Layer 2: freq=3.00, threshold=0.300
  Layer 3: freq=5.00, threshold=0.400
  ep |    tr_CE |   tr_RC |    tr_E |   val_CE |  val_RC |   spike |   best_v | step
------------------------------------------------------------------------------------
   1 |   4.6483 |  0.9977 |  0.0000 |   4.6647 |  0.9977 |  0.0000 |   4.6647 | 16
   2 |   4.0090 |  0.9976 |  0.1361 |   4.0305 |  0.9976 |  0.2500 |   4.0305 | 32
   3 |   3.6100 |  0.9972 |  0.0000 |   3.6445 |  0.9972 |  0.0000 |   3.6445 | 48
   4 |   3.4122 |  0.9968 |  0.0169 |   3.4425 |  0.9968 |  0.0000 |   3.4425 | 64
   5 |   3.2747 |  0.9968 |  0.3301 |   3.3274 |  0.9968 |  0.0625 |   3.3274 | 80
   6 |   3.2038 |  0.9965 |  1.0000 |   3.2319 |  0.9965 |  1.0000 |   3.2319 | 96
   7 |   3.2015 |  0.9965 |  0.0000 |   3.2725 |  0.9965 |  0.0000 |   3.2319 | 112
   8 |   3.2166 |  0.9968 |  0.0000 |   3.2365 |  0.9968 |  0.0000 |   3.2319 | 128
   9 |   3.1762 |  0.9966 |  0.1738 |   3.2253 |  0.9966 |  0.0000 |   3.2253 | 144
  10 |   3.1635 |  0.9966 |  0.0000 |   3.2109 |  0.9966 |  0.0000 |   3.2109 | 160
  11 |   3.2327 |  0.9966 |  0.0000 |   3.2738 |  0.9966 |  0.0000 |   3.2109 | 176
  12 |   3.1929 |  0.9971 |  0.0000 |   3.2108 |  0.9971 |  0.0000 |   3.2108 | 192
  13 |   3.1540 |  0.9972 |  0.0000 |   3.2020 |  0.9972 |  0.0000 |   3.2020 | 208
  14 |   3.1582 |  0.9973 |  0.9740 |   3.1976 |  0.9973 |  0.7826 |   3.1976 | 224
  15 |   3.1411 |  0.9975 |  1.0000 |   3.1969 |  0.9975 |  1.0000 |   3.1969 | 240
  16 |   3.1589 |  0.9974 |  0.9740 |   3.2016 |  0.9974 |  0.9792 |   3.1969 | 256
  17 |   3.1838 |  0.9976 |  1.0000 |   3.1973 |  0.9976 |  1.0000 |   3.1969 | 272
  18 |   3.1443 |  0.9977 |  0.4701 |   3.1937 |  0.9977 |  0.3633 |   3.1937 | 288
  19 |   3.1790 |  0.9981 |  0.6465 |   3.1911 |  0.9981 |  0.5833 |   3.1911 | 304
  20 |   3.1545 |  0.9981 |  0.8099 |   3.1929 |  0.9981 |  0.7865 |   3.1911 | 320
  21 |   3.1536 |  0.9981 |  0.9844 |   3.1964 |  0.9981 |  0.9792 |   3.1911 | 336
  22 |   3.1796 |  0.9975 |  0.1530 |   3.1946 |  0.9975 |  0.2461 |   3.1911 | 352
  23 |   3.1533 |  0.9973 |  0.3314 |   3.1931 |  0.9973 |  0.3464 |   3.1911 | 368
  24 |   3.1453 |  0.9971 |  0.8581 |   3.1956 |  0.9971 |  0.8568 |   3.1911 | 384
  25 |   3.1512 |  0.9973 |  0.2923 |   3.1929 |  0.9973 |  0.3021 |   3.1911 | 400
  26 |   3.1520 |  0.9973 |  0.9688 |   3.1926 |  0.9973 |  0.9688 |   3.1911 | 416
  27 |   3.1565 |  0.9973 |  0.2253 |   3.1914 |  0.9973 |  0.2500 |   3.1911 | 432
  28 |   3.1842 |  0.9973 |  0.7721 |   3.1903 |  0.9973 |  0.7188 |   3.1903 | 448
  29 |   3.1420 |  0.9976 |  0.7630 |   3.1930 |  0.9976 |  0.7292 |   3.1903 | 464
  30 |   3.1292 |  0.9976 |  0.7103 |   3.1950 |  0.9976 |  0.6979 |   3.1903 | 480
  31 |   3.1359 |  0.9977 |  0.1953 |   3.1952 |  0.9977 |  0.1797 |   3.1903 | 496
  32 |   3.1645 |  0.9977 |  0.9583 |   3.1936 |  0.9977 |  0.9583 |   3.1903 | 512
  33 |   3.1693 |  0.9977 |  0.1960 |   3.1916 |  0.9977 |  0.1979 |   3.1903 | 528
  34 |   3.1728 |  0.9976 |  0.9661 |   3.1915 |  0.9976 |  0.9688 |   3.1903 | 544
  35 |   3.1801 |  0.9975 |  0.9896 |   3.1923 |  0.9975 |  0.9896 |   3.1903 | 560
  36 |   3.1597 |  0.9973 |  0.9688 |   3.1900 |  0.9973 |  0.9688 |   3.1900 | 576
{
  "protocol": "Exp08 theory phase2",
  "order": [
    "ab_rfp",
    "h2h_pos",
    "control_off"
  ],
  "hypotheses": {
    "H1": "RFP улучшает или стабилизирует val CE относительно Adam-only при той же входной схеме.",
    "H2": "Корректная разметка позиций (absolute) не хуже token_as_pos при достаточной длине обучения.",
    "H3": "Отключение content (off) даёт контролируемую деградацию; улучшение CE без катастрофы RC/spike."
  },
  "success_criteria": {
    "numerical": "Нет NaN; best_val_ce заметно ниже ln(V); различия между режимами воспроизводимы по нескольким сидам.",
    "wave_health": "На эпохе минимума val CE spike и RC не выглядят тривиально «мёртвыми» (см. wave_health_*)."
  },
  "epochs": 36,
  "seq_len": 96,
  "num_train_batches": 16,
  "num_val_batches": 8,
  "minutes_total": 90,
  "n_runs": 11,
  "seeds_main": [
    42,
    43,
    44
  ],
  "seeds_control_off": [
    42,
    43
  ],
  "sections": {
    "ab_rfp": [
      {
        "mode": "Adam only | absolute/normal (v03 stack)",
        "best_val_ce_mean": 2.9601838092009225,
        "best_val_ce_std": 0.02531249396165603,
        "n": 3
      },
      {
        "mode": "Adam+RFP v03 | absolute/normal",
        "best_val_ce_mean": 2.9750298162301383,
        "best_val_ce_std": 0.03025017510471097,
        "n": 3
      }
    ],
    "h2h_pos": [
      {
        "mode": "absolute/normal + RFP v03 (from phase ab_rfp)",
        "best_val_ce_mean": 2.9750298162301383,
        "best_val_ce_std": 0.03025017510471097,
        "n": 3
      },
      {
        "mode": "token_as_pos/normal + RFP v03",
        "best_val_ce_mean": 2.96872149904569,
        "best_val_ce_std": 0.013467782217924785,
        "n": 3
      }
    ],
    "control_off": [
      {
        "mode": "absolute/off + RFP v03 (control)",
        "best_val_ce_mean": 3.190823420882225,
        "best_val_ce_std": 0.0008457750082015991,
        "n": 2
      }
    ]
  },
  "per_run": [
    {
      "phase": "ab_rfp",
      "label": "Adam only | absolute/normal (v03 stack)",
      "seed": 42,
      "best_val_ce": 2.9958170354366302,
      "metrics_at_min_val_ce": {
        "epoch_min_val_ce": 35,
        "val_ce_at_best": 2.9958170354366302,
        "val_rc_at_best": 0.9365844503045082,
        "spike_at_best": 0.3879123367369175,
        "train_ce_at_best": 2.9823270440101624,
        "final_val_ce": 3.058161109685898,
        "final_val_rc": 0.9379065409302711,
        "final_spike": 0.3008897639811039
      },
      "wave_health_at_best": {
        "spike_target": 0.25,
        "spike_in_band": true,
        "rc_not_collapsed": true,
        "healthy_guess": true
      },
      "wave_health_final": {
        "spike_target": 0.25,
        "spike_in_band": true,
        "rc_not_collapsed": true,
        "healthy_guess": true
      },
      "dynamics_png": "phase2_ab_rfp_adam_wikitext08_input_absolute_normal_s42_20260402_170236_dynamics.png",
      "epoch_csv": "phase2_ab_rfp_adam_wikitext08_input_absolute_normal_s42_20260402_170236.csv"
    },
    {
      "phase": "ab_rfp",
      "label": "Adam+RFP v03 | absolute/normal",
      "seed": 42,
      "best_val_ce": 3.0178093016147614,
      "metrics_at_min_val_ce": {
        "epoch_min_val_ce": 14,
        "val_ce_at_best": 3.0178093016147614,
        "val_rc_at_best": 0.9093788042664528,
        "spike_at_best": 0.4082031361758709,
        "train_ce_at_best": 2.9854510724544525,
        "final_val_ce": 3.0928012430667877,
        "final_val_rc": 0.9336731657385826,
        "final_spike": 0.12825521174818277
      },
      "wave_health_at_best": {
        "spike_target": 0.25,
        "spike_in_band": true,
        "rc_not_collapsed": true,
        "healthy_guess": true
      },
      "wave_health_final": {
        "spike_target": 0.25,
        "spike_in_band": true,
        "rc_not_collapsed": true,
        "healthy_guess": true
      },
      "dynamics_png": "phase2_ab_rfp_rfp_wikitext08_input_absolute_normal_s42_20260402_170236_dynamics.png",
      "epoch_csv": "phase2_ab_rfp_rfp_wikitext08_input_absolute_normal_s42_20260402_170236.csv"
    },
    {
      "phase": "ab_rfp",
      "label": "Adam only | absolute/normal (v03 stack)",
      "seed": 43,
      "best_val_ce": 2.9394026696681976,
      "metrics_at_min_val_ce": {
        "epoch_min_val_ce": 35,
        "val_ce_at_best": 2.9394026696681976,
        "val_rc_at_best": 0.9454456865787506,
        "spike_at_best": 0.3785807304084301,
        "train_ce_at_best": 2.9201463013887405,
        "final_val_ce": 2.967876583337784,
        "final_val_rc": 0.9437879472970963,
        "final_spike": 0.3281250037252903
      },
      "wave_health_at_best": {
        "spike_target": 0.25,
        "spike_in_band": true,
        "rc_not_collapsed": true,
        "healthy_guess": true
      },
      "wave_health_final": {
        "spike_target": 0.25,
        "spike_in_band": true,
        "rc_not_collapsed": true,
        "healthy_guess": true
      },
      "dynamics_png": "phase2_ab_rfp_adam_wikitext08_input_absolute_normal_s43_20260402_170236_dynamics.png",
      "epoch_csv": "phase2_ab_rfp_adam_wikitext08_input_absolute_normal_s43_20260402_170236.csv"
    },
    {
      "phase": "ab_rfp",
      "label": "Adam+RFP v03 | absolute/normal",
      "seed": 43,
      "best_val_ce": 2.9538553953170776,
      "metrics_at_min_val_ce": {
        "epoch_min_val_ce": 33,
        "val_ce_at_best": 2.9538553953170776,
        "val_rc_at_best": 0.9485099986195564,
        "spike_at_best": 0.4235026054084301,
        "train_ce_at_best": 2.920501559972763,
        "final_val_ce": 2.959812879562378,
        "final_val_rc": 0.9524296894669533,
        "final_spike": 0.3015407994389534
      },
      "wave_health_at_best": {
        "spike_target": 0.25,
        "spike_in_band": true,
        "rc_not_collapsed": true,
        "healthy_guess": true
      },
      "wave_health_final": {
        "spike_target": 0.25,
        "spike_in_band": true,
        "rc_not_collapsed": true,
        "healthy_guess": true
      },
      "dynamics_png": "phase2_ab_rfp_rfp_wikitext08_input_absolute_normal_s43_20260402_170236_dynamics.png",
      "epoch_csv": "phase2_ab_rfp_rfp_wikitext08_input_absolute_normal_s43_20260402_170236.csv"
    },
    {
      "phase": "ab_rfp",
      "label": "Adam only | absolute/normal (v03 stack)",
      "seed": 44,
      "best_val_ce": 2.94533172249794,
      "metrics_at_min_val_ce": {
        "epoch_min_val_ce": 32,
        "val_ce_at_best": 2.94533172249794,
        "val_rc_at_best": 0.9519691467285156,
        "spike_at_best": 0.2076822929084301,
        "train_ce_at_best": 2.9119084775447845,
        "final_val_ce": 3.183919131755829,
        "final_val_rc": 0.9498201459646225,
        "final_spike": 0.0
      },
      "wave_health_at_best": {
        "spike_target": 0.25,
        "spike_in_band": true,
        "rc_not_collapsed": true,
        "healthy_guess": true
      },
      "wave_health_final": {
        "spike_target": 0.25,
        "spike_in_band": false,
        "rc_not_collapsed": true,
        "healthy_guess": false
      },
      "dynamics_png": "phase2_ab_rfp_adam_wikitext08_input_absolute_normal_s44_20260402_170236_dynamics.png",
      "epoch_csv": "phase2_ab_rfp_adam_wikitext08_input_absolute_normal_s44_20260402_170236.csv"
    },
    {
      "phase": "ab_rfp",
      "label": "Adam+RFP v03 | absolute/normal",
      "seed": 44,
      "best_val_ce": 2.9534247517585754,
      "metrics_at_min_val_ce": {
        "epoch_min_val_ce": 33,
        "val_ce_at_best": 2.9534247517585754,
        "val_rc_at_best": 0.9461931809782982,
        "spike_at_best": 0.2031250037252903,
        "train_ce_at_best": 2.9278026819229126,
        "final_val_ce": 2.9635342955589294,
        "final_val_rc": 0.94920514523983,
        "final_spike": 0.3674045167863369
      },
      "wave_health_at_best": {
        "spike_target": 0.25,
        "spike_in_band": true,
        "rc_not_collapsed": true,
        "healthy_guess": true
      },
      "wave_health_final": {
        "spike_target": 0.25,
        "spike_in_band": true,
        "rc_not_collapsed": true,
        "healthy_guess": true
      },
      "dynamics_png": "phase2_ab_rfp_rfp_wikitext08_input_absolute_normal_s44_20260402_170236_dynamics.png",
      "epoch_csv": "phase2_ab_rfp_rfp_wikitext08_input_absolute_normal_s44_20260402_170236.csv"
    },
    {
      "phase": "h2h_pos",
      "label": "token_as_pos/normal + RFP v03",
      "seed": 42,
      "best_val_ce": 2.9875211119651794,
      "metrics_at_min_val_ce": {
        "epoch_min_val_ce": 26,
        "val_ce_at_best": 2.9875211119651794,
        "val_rc_at_best": 0.9121474027633667,
        "spike_at_best": 0.2526041716337204,
        "train_ce_at_best": 2.9443461298942566,
        "final_val_ce": 3.0012475848197937,
        "final_val_rc": 0.9088026657700539,
        "final_spike": 0.3170572929084301
      },
      "wave_health_at_best": {
        "spike_target": 0.25,
        "spike_in_band": true,
        "rc_not_collapsed": true,
        "healthy_guess": true
      },
      "wave_health_final": {
        "spike_target": 0.25,
        "spike_in_band": true,
        "rc_not_collapsed": true,
        "healthy_guess": true
      },
      "dynamics_png": "phase2_h2h_pos_rfp_wikitext08_input_token_as_pos_normal_s42_20260402_170236_dynamics.png",
      "epoch_csv": "phase2_h2h_pos_rfp_wikitext08_input_token_as_pos_normal_s42_20260402_170236.csv"
    },
    {
      "phase": "h2h_pos",
      "label": "token_as_pos/normal + RFP v03",
      "seed": 43,
      "best_val_ce": 2.961967945098877,
      "metrics_at_min_val_ce": {
        "epoch_min_val_ce": 36,
        "val_ce_at_best": 2.961967945098877,
        "val_rc_at_best": 0.9306138083338737,
        "spike_at_best": 0.5543619766831398,
        "train_ce_at_best": 2.923270061612129,
        "final_val_ce": 2.961967945098877,
        "final_val_rc": 0.9306138083338737,
        "final_spike": 0.5543619766831398
      },
      "wave_health_at_best": {
        "spike_target": 0.25,
        "spike_in_band": false,
        "rc_not_collapsed": true,
        "healthy_guess": false
      },
      "wave_health_final": {
        "spike_target": 0.25,
        "spike_in_band": false,
        "rc_not_collapsed": true,
        "healthy_guess": false
      },
      "dynamics_png": "phase2_h2h_pos_rfp_wikitext08_input_token_as_pos_normal_s43_20260402_170236_dynamics.png",
      "epoch_csv": "phase2_h2h_pos_rfp_wikitext08_input_token_as_pos_normal_s43_20260402_170236.csv"
    },
    {
      "phase": "h2h_pos",
      "label": "token_as_pos/normal + RFP v03",
      "seed": 44,
      "best_val_ce": 2.9566754400730133,
      "metrics_at_min_val_ce": {
        "epoch_min_val_ce": 36,
        "val_ce_at_best": 2.9566754400730133,
        "val_rc_at_best": 0.9620375484228134,
        "spike_at_best": 0.2026909738779068,
        "train_ce_at_best": 2.930160477757454,
        "final_val_ce": 2.9566754400730133,
        "final_val_rc": 0.9620375484228134,
        "final_spike": 0.2026909738779068
      },
      "wave_health_at_best": {
        "spike_target": 0.25,
        "spike_in_band": true,
        "rc_not_collapsed": true,
        "healthy_guess": true
      },
      "wave_health_final": {
        "spike_target": 0.25,
        "spike_in_band": true,
        "rc_not_collapsed": true,
        "healthy_guess": true
      },
      "dynamics_png": "phase2_h2h_pos_rfp_wikitext08_input_token_as_pos_normal_s44_20260402_170236_dynamics.png",
      "epoch_csv": "phase2_h2h_pos_rfp_wikitext08_input_token_as_pos_normal_s44_20260402_170236.csv"
    },
    {
      "phase": "control_off",
      "label": "absolute/off + RFP v03 (control)",
      "seed": 42,
      "best_val_ce": 3.1916691958904266,
      "metrics_at_min_val_ce": {
        "epoch_min_val_ce": 36,
        "val_ce_at_best": 3.1916691958904266,
        "val_rc_at_best": 0.9972528219223022,
        "spike_at_best": 0.06380208162590861,
        "train_ce_at_best": 3.1613269597291946,
        "final_val_ce": 3.1916691958904266,
        "final_val_rc": 0.9972528219223022,
        "final_spike": 0.06380208162590861
      },
      "wave_health_at_best": {
        "spike_target": 0.25,
        "spike_in_band": true,
        "rc_not_collapsed": true,
        "healthy_guess": true
      },
      "wave_health_final": {
        "spike_target": 0.25,
        "spike_in_band": true,
        "rc_not_collapsed": true,
        "healthy_guess": true
      },
      "dynamics_png": "phase2_control_off_rfp_wikitext08_input_absolute_off_s42_20260402_170236_dynamics.png",
      "epoch_csv": "phase2_control_off_rfp_wikitext08_input_absolute_off_s42_20260402_170236.csv"
    },
    {
      "phase": "control_off",
      "label": "absolute/off + RFP v03 (control)",
      "seed": 43,
      "best_val_ce": 3.1899776458740234,
      "metrics_at_min_val_ce": {
        "epoch_min_val_ce": 36,
        "val_ce_at_best": 3.1899776458740234,
        "val_rc_at_best": 0.9972794055938721,
        "spike_at_best": 0.96875,
        "train_ce_at_best": 3.1596628576517105,
        "final_val_ce": 3.1899776458740234,
        "final_val_rc": 0.9972794055938721,
        "final_spike": 0.96875
      },
      "wave_health_at_best": {
        "spike_target": 0.25,
        "spike_in_band": false,
        "rc_not_collapsed": true,
        "healthy_guess": false
      },
      "wave_health_final": {
        "spike_target": 0.25,
        "spike_in_band": false,
        "rc_not_collapsed": true,
        "healthy_guess": false
      },
      "dynamics_png": "phase2_control_off_rfp_wikitext08_input_absolute_off_s43_20260402_170236_dynamics.png",
      "epoch_csv": "phase2_control_off_rfp_wikitext08_input_absolute_off_s43_20260402_170236.csv"
    }
  ],
  "bar_png": {
    "ab_rfp": "wikitext08_phase2_bar_ab_rfp_20260402_170236.png",
    "h2h_pos": "wikitext08_phase2_bar_h2h_pos_20260402_170236.png",
    "control_off": "wikitext08_phase2_bar_control_off_20260402_170236.png"
  },
  "artifacts_note": "phase2_*dynamics.png — CE/acc/train/RC/spike; phase2_bar_* — сравнение средних best_val_ce по меткам.",
  "dedup_note": "Фаза h2h_pos не дублирует прогон absolute/normal+RFP: метрики absolute берутся из фазы ab_rfp."
}

Wrote /home/alex1/Desktop/WFR-Memory-Test/experiments/08-wikitext-rfp/outputs/wikitext08_phase2_20260402_170236.json
