=== GPU check ===
NVIDIA A100 80GB PCIe

========== control_readout16 → experiments/09-lm-parity/outputs/b3_confirm_control_readout16_20260403_151429.log ==========
  Layer 0: freq=1.00, threshold=0.200
  Layer 1: freq=1.80, threshold=0.250
  Layer 2: freq=3.00, threshold=0.300
  Layer 3: freq=5.00, threshold=0.400
{
  "delta_best_val_ce_wfr_minus_transformer": 0.04718711972236633,
  "trainable_params_transformer": 8568,
  "trainable_params_wfr_lm": 8568,
  "param_ratio_transformer_over_wfr": 1.0,
  "interpretation": "\u043f\u043e\u043b\u043e\u0436\u0438\u0442\u0435\u043b\u044c\u043d\u043e \u2192 WFR \u0445\u0443\u0436\u0435 baseline TF \u043f\u043e best val CE \u043f\u0440\u0438 \u044d\u0442\u043e\u043c \u043f\u0440\u043e\u0442\u043e\u043a\u043e\u043b\u0435; \u043e\u0442\u0440\u0438\u0446\u0430\u0442\u0435\u043b\u044c\u043d\u043e \u2192 WFR \u043b\u0443\u0447\u0448\u0435 (\u0440\u0435\u0434\u043a\u043e \u043f\u0440\u0438 \u043f\u0435\u0440\u0432\u044b\u0445 \u043f\u0440\u043e\u0433\u043e\u043d\u0430\u0445).",
  "capacity_warning": null
}
{
  "transformer_best_val_ce": 3.112529307603836,
  "wfr_best_val_ce": 3.1597164273262024
}
Wrote /home/alex1/Desktop/WFR-Memory-Test/experiments/09-lm-parity/outputs/parity_pair_20260403_151528.json

========== phase_causal_k3 → experiments/09-lm-parity/outputs/b3_confirm_phase_causal_k3_20260403_151429.log ==========
  Layer 0: freq=1.00, threshold=0.200
  Layer 1: freq=1.80, threshold=0.250
  Layer 2: freq=3.00, threshold=0.300
  Layer 3: freq=5.00, threshold=0.400
{
  "delta_best_val_ce_wfr_minus_transformer": -0.0015032291412353516,
  "trainable_params_transformer": 8624,
  "trainable_params_wfr_lm": 8616,
  "param_ratio_transformer_over_wfr": 1.000928505106778,
  "interpretation": "\u043f\u043e\u043b\u043e\u0436\u0438\u0442\u0435\u043b\u044c\u043d\u043e \u2192 WFR \u0445\u0443\u0436\u0435 baseline TF \u043f\u043e best val CE \u043f\u0440\u0438 \u044d\u0442\u043e\u043c \u043f\u0440\u043e\u0442\u043e\u043a\u043e\u043b\u0435; \u043e\u0442\u0440\u0438\u0446\u0430\u0442\u0435\u043b\u044c\u043d\u043e \u2192 WFR \u043b\u0443\u0447\u0448\u0435 (\u0440\u0435\u0434\u043a\u043e \u043f\u0440\u0438 \u043f\u0435\u0440\u0432\u044b\u0445 \u043f\u0440\u043e\u0433\u043e\u043d\u0430\u0445).",
  "capacity_warning": null
}
{
  "transformer_best_val_ce": 3.17431503534317,
  "wfr_best_val_ce": 3.172811806201935
}
Wrote /home/alex1/Desktop/WFR-Memory-Test/experiments/09-lm-parity/outputs/parity_pair_20260403_151630.json

========== readout_wave_k3 → experiments/09-lm-parity/outputs/b3_confirm_readout_wave_k3_20260403_151429.log ==========
  Layer 0: freq=1.00, threshold=0.200
  Layer 1: freq=1.80, threshold=0.250
  Layer 2: freq=3.00, threshold=0.300
  Layer 3: freq=5.00, threshold=0.400
{
  "delta_best_val_ce_wfr_minus_transformer": 0.03439366817474365,
  "trainable_params_transformer": 8568,
  "trainable_params_wfr_lm": 8571,
  "param_ratio_transformer_over_wfr": 0.999649982499125,
  "interpretation": "\u043f\u043e\u043b\u043e\u0436\u0438\u0442\u0435\u043b\u044c\u043d\u043e \u2192 WFR \u0445\u0443\u0436\u0435 baseline TF \u043f\u043e best val CE \u043f\u0440\u0438 \u044d\u0442\u043e\u043c \u043f\u0440\u043e\u0442\u043e\u043a\u043e\u043b\u0435; \u043e\u0442\u0440\u0438\u0446\u0430\u0442\u0435\u043b\u044c\u043d\u043e \u2192 WFR \u043b\u0443\u0447\u0448\u0435 (\u0440\u0435\u0434\u043a\u043e \u043f\u0440\u0438 \u043f\u0435\u0440\u0432\u044b\u0445 \u043f\u0440\u043e\u0433\u043e\u043d\u0430\u0445).",
  "capacity_warning": null
}
{
  "transformer_best_val_ce": 3.112529307603836,
  "wfr_best_val_ce": 3.1469229757785797
}
Wrote /home/alex1/Desktop/WFR-Memory-Test/experiments/09-lm-parity/outputs/parity_pair_20260403_151732.json

OK B3 confirm batch TS=20260403_151429 — parity JSON in experiments/09-lm-parity/outputs/
Сводка: /home/alex1/Desktop/WFR-Memory-Test/.venv/bin/python -u experiments/09-lm-parity/summarize_parity_json.py experiments/09-lm-parity/outputs
