  Layer 0: freq=1.00, threshold=0.200
  Layer 1: freq=1.80, threshold=0.250
  Layer 2: freq=3.00, threshold=0.300
  Layer 3: freq=5.00, threshold=0.400
  Layer 0: freq=1.00, threshold=0.200
  Layer 1: freq=1.80, threshold=0.250
  Layer 2: freq=3.00, threshold=0.300
  Layer 3: freq=5.00, threshold=0.400
  Layer 0: freq=1.00, threshold=0.200
  Layer 1: freq=1.80, threshold=0.250
  Layer 2: freq=3.00, threshold=0.300
  Layer 3: freq=5.00, threshold=0.400
  Layer 0: freq=1.00, threshold=0.200
  Layer 1: freq=1.80, threshold=0.250
  Layer 2: freq=3.00, threshold=0.300
  Layer 3: freq=5.00, threshold=0.400
  Layer 0: freq=1.00, threshold=0.200
  Layer 1: freq=1.80, threshold=0.250
  Layer 2: freq=3.00, threshold=0.300
  Layer 3: freq=5.00, threshold=0.400
{
  "epochs": 30,
  "seq_len": 96,
  "num_train_batches": 16,
  "num_val_batches": 8,
  "rows": [
    {
      "mode": "absolute / normal (v03)",
      "best_val_ce": 3.0178093016147614
    },
    {
      "mode": "absolute_modV / normal (v03)",
      "best_val_ce": 3.0178093016147614
    },
    {
      "mode": "token_as_pos / normal (v03)",
      "best_val_ce": 2.9875211119651794
    },
    {
      "mode": "absolute / normal x0.5 (v03)",
      "best_val_ce": 2.9693178832530975
    },
    {
      "mode": "absolute / off (v03)",
      "best_val_ce": 3.1925799548625946
    }
  ],
  "bar_png": "wikitext08_input_schemes_20260402_104527.png"
}

Wrote /home/alex1/Desktop/WFR-Memory-Test/experiments/08-wikitext-rfp/outputs/wikitext08_input_schemes_20260402_104527.json
