  Layer 0: freq=1.00, threshold=0.200
  Layer 1: freq=1.80, threshold=0.250
  Layer 2: freq=3.00, threshold=0.300
  Layer 3: freq=5.00, threshold=0.400
  ep |    tr_CE |   tr_RC |    tr_E |   val_CE |  val_RC |   spike |   best_v | step
------------------------------------------------------------------------------------
   1 |   4.7711 |  0.7027 |  0.0178 |   4.7854 |  0.7036 |  0.0205 |   4.7854 | 20
   2 |   3.8623 |  0.7732 |  0.1609 |   3.9241 |  0.7749 |  0.0752 |   3.9241 | 40
   3 |   3.4725 |  0.8199 |  0.0972 |   3.5111 |  0.8209 |  0.0982 |   3.5111 | 60
   4 |   3.2814 |  0.8451 |  0.1301 |   3.3180 |  0.8469 |  0.1097 |   3.3180 | 80
   5 |   3.1150 |  0.8613 |  0.2592 |   3.2087 |  0.8617 |  0.1079 |   3.2087 | 100
   6 |   3.0740 |  0.8699 |  0.3816 |   3.0947 |  0.8709 |  0.3886 |   3.0947 | 120
   7 |   3.0694 |  0.8783 |  0.1556 |   3.0992 |  0.8782 |  0.1611 |   3.0947 | 140
   8 |   3.0536 |  0.8743 |  0.3329 |   3.0767 |  0.8756 |  0.3067 |   3.0767 | 160
   9 |   3.0411 |  0.8794 |  0.0058 |   3.0976 |  0.8788 |  0.0085 |   3.0767 | 180
  10 |   3.0662 |  0.8788 |  0.0000 |   3.1044 |  0.8783 |  0.0000 |   3.0767 | 200
  11 |   3.0161 |  0.8828 |  0.0092 |   3.0435 |  0.8822 |  0.0572 |   3.0435 | 220
  12 |   3.0098 |  0.8827 |  0.0040 |   3.0377 |  0.8826 |  0.0046 |   3.0377 | 240
  13 |   3.0182 |  0.8847 |  0.0000 |   3.0464 |  0.8836 |  0.0000 |   3.0377 | 260
  14 |   2.9952 |  0.8898 |  0.0000 |   3.0262 |  0.8890 |  0.0000 |   3.0262 | 280
  15 |   2.9831 |  0.8936 |  0.0023 |   3.0230 |  0.8932 |  0.0046 |   3.0230 | 300
  16 |   3.0115 |  0.8979 |  0.0000 |   3.0339 |  0.8972 |  0.0000 |   3.0230 | 320
  17 |   3.0260 |  0.9006 |  0.0042 |   3.0356 |  0.9011 |  0.0046 |   3.0230 | 340
  18 |   3.0030 |  0.9045 |  0.0035 |   3.0276 |  0.9038 |  0.0046 |   3.0230 | 360
  19 |   3.0223 |  0.9068 |  0.0035 |   3.0307 |  0.9067 |  0.0046 |   3.0230 | 380
  20 |   3.0365 |  0.9096 |  0.0044 |   3.0715 |  0.9086 |  0.0067 |   3.0230 | 400
  21 |   2.9866 |  0.9123 |  0.0033 |   3.0071 |  0.9112 |  0.0056 |   3.0071 | 420
  22 |   2.9956 |  0.9105 |  0.1972 |   3.0056 |  0.9104 |  0.2027 |   3.0056 | 440
  23 |   2.9631 |  0.9130 |  0.1933 |   3.0002 |  0.9123 |  0.1988 |   3.0002 | 460
  24 |   2.9634 |  0.9158 |  0.1981 |   2.9990 |  0.9148 |  0.2027 |   2.9990 | 480
  25 |   2.9630 |  0.9172 |  0.2017 |   2.9896 |  0.9169 |  0.2039 |   2.9896 | 500
  26 |   2.9768 |  0.9191 |  0.2005 |   3.0067 |  0.9185 |  0.2015 |   2.9896 | 520
  27 |   2.9639 |  0.9197 |  0.1704 |   2.9982 |  0.9187 |  0.1085 |   2.9896 | 540
  28 |   2.9919 |  0.9173 |  0.1969 |   3.0011 |  0.9181 |  0.1988 |   2.9896 | 560
  29 |   2.9610 |  0.9213 |  0.1958 |   3.0073 |  0.9202 |  0.1966 |   2.9896 | 580
  30 |   2.9286 |  0.9249 |  0.1936 |   2.9927 |  0.9224 |  0.1988 |   2.9896 | 600
  31 |   2.9588 |  0.9255 |  0.1963 |   3.0136 |  0.9239 |  0.2015 |   2.9896 | 620
  32 |   2.9802 |  0.9239 |  0.2045 |   3.0134 |  0.9223 |  0.2096 |   2.9896 | 640
  33 |   2.9651 |  0.9238 |  0.2028 |   2.9962 |  0.9230 |  0.2058 |   2.9896 | 660
  34 |   2.9617 |  0.9252 |  0.1961 |   2.9748 |  0.9246 |  0.2031 |   2.9748 | 680
  35 |   2.9708 |  0.9259 |  0.2009 |   2.9818 |  0.9258 |  0.2031 |   2.9748 | 700
  36 |   2.9323 |  0.9280 |  0.2009 |   2.9740 |  0.9272 |  0.2046 |   2.9740 | 720
  37 |   2.9148 |  0.9314 |  0.2007 |   2.9752 |  0.9300 |  0.2027 |   2.9740 | 740
  38 |   2.9524 |  0.9273 |  0.1969 |   3.0090 |  0.9250 |  0.2054 |   2.9740 | 760
  39 |   2.9425 |  0.9249 |  0.2052 |   2.9730 |  0.9233 |  0.2139 |   2.9730 | 780
  40 |   2.9507 |  0.9243 |  0.2085 |   2.9821 |  0.9241 |  0.2154 |   2.9730 | 800
  41 |   2.9183 |  0.9262 |  0.2063 |   2.9672 |  0.9241 |  0.2105 |   2.9672 | 820
  42 |   3.0711 |  0.9259 |  0.0194 |   3.0954 |  0.9238 |  0.0123 |   2.9672 | 840
  43 |   3.1364 |  0.9194 |  0.0000 |   3.1819 |  0.9182 |  0.0000 |   2.9672 | 860
  44 |   3.1132 |  0.9109 |  0.0000 |   3.1486 |  0.9088 |  0.0000 |   2.9672 | 880
  45 |   3.0521 |  0.9082 |  0.0000 |   3.0791 |  0.9060 |  0.0000 |   2.9672 | 900
  46 |   3.0006 |  0.9087 |  0.0050 |   3.0418 |  0.9066 |  0.0071 |   2.9672 | 920
  47 |   3.0399 |  0.9076 |  0.0038 |   3.0733 |  0.9069 |  0.0022 |   2.9672 | 940
  48 |   3.0327 |  0.8973 |  0.0048 |   3.0555 |  0.8955 |  0.0066 |   2.9672 | 960
  49 |   3.0161 |  0.8983 |  0.0061 |   3.0510 |  0.8960 |  0.0066 |   2.9672 | 980
  50 |   3.2737 |  0.8985 |  0.0475 |   3.2815 |  0.8976 |  0.0469 |   2.9672 | 1000
  51 |   4.8223 |  0.8795 |  0.2061 |   4.7952 |  0.8796 |  0.2043 |   2.9672 | 1020
  52 |   3.5580 |  0.8522 |  0.2012 |   3.6341 |  0.8523 |  0.2001 |   2.9672 | 1040
  53 |   3.1489 |  0.8539 |  0.2552 |   3.1838 |  0.8532 |  0.2474 |   2.9672 | 1060
  54 |   3.0830 |  0.8546 |  0.2194 |   3.1301 |  0.8537 |  0.1875 |   2.9672 | 1080
  55 |   3.0823 |  0.8540 |  0.2211 |   3.1096 |  0.8543 |  0.2171 |   2.9672 | 1100
  56 |   3.0525 |  0.8552 |  0.2393 |   3.1012 |  0.8559 |  0.2386 |   2.9672 | 1120
  57 |   3.0489 |  0.8566 |  0.2780 |   3.0816 |  0.8567 |  0.2753 |   2.9672 | 1140
  58 |   3.0266 |  0.8570 |  0.3885 |   3.0634 |  0.8582 |  0.3420 |   2.9672 | 1160
  59 |   3.0390 |  0.8589 |  0.2614 |   3.0756 |  0.8590 |  0.2244 |   2.9672 | 1180
  60 |   3.0153 |  0.8594 |  0.3522 |   3.0490 |  0.8601 |  0.3469 |   2.9672 | 1200
  61 |   3.0098 |  0.8591 |  0.2898 |   3.0525 |  0.8608 |  0.2944 |   2.9672 | 1220
  62 |   2.9948 |  0.8613 |  0.3927 |   3.0432 |  0.8615 |  0.3831 |   2.9672 | 1240
  63 |   2.9820 |  0.8638 |  0.3391 |   3.0374 |  0.8625 |  0.3315 |   2.9672 | 1260
  64 |   2.9904 |  0.8641 |  0.2385 |   3.0367 |  0.8639 |  0.2355 |   2.9672 | 1280
  65 |   2.9984 |  0.8650 |  0.2298 |   3.0402 |  0.8642 |  0.2263 |   2.9672 | 1300
  66 |   3.0185 |  0.8644 |  0.2287 |   3.0459 |  0.8655 |  0.2269 |   2.9672 | 1320
  67 |   2.9832 |  0.8672 |  0.2420 |   3.0395 |  0.8673 |  0.2252 |   2.9672 | 1340
  68 |   3.0019 |  0.8676 |  0.3875 |   3.0441 |  0.8674 |  0.3808 |   2.9672 | 1360
  69 |   2.9959 |  0.8682 |  0.2925 |   3.0321 |  0.8678 |  0.2892 |   2.9672 | 1380
  70 |   3.0189 |  0.8679 |  0.2431 |   3.0406 |  0.8683 |  0.2396 |   2.9672 | 1400
  71 |   2.9720 |  0.8706 |  0.2487 |   3.0204 |  0.8696 |  0.2427 |   2.9672 | 1420
  72 |   2.9709 |  0.8709 |  0.2483 |   3.0213 |  0.8702 |  0.2433 |   2.9672 | 1440
{
  "metrics": {
    "best_val_ce": 2.9671894311904907,
    "final_val_rc": 0.87021504342556,
    "mean_spike_rate": 0.2432725727558136,
    "max_grad_l2": 1120.3195791260182,
    "epochs": 72,
    "mode": "rfp_every_8_v03_wikitext",
    "corr_delta_pb_delta_ce": 0.46140192006709274,
    "rescue_step_fraction": 0.8222222222222222
  },
  "vocab_size": 256,
  "ln_vocab": 5.545177444479562,
  "final_train_ce": 2.9709154009819034,
  "final_train_rc": 0.8708818793296814,
  "final_train_energy": 0.2482638917863369,
  "val_batches_sha256": "e74f42209de55f8ac16f7754ed475e1b4daf1ae5ceb6b63cfe2603399116dccd",
  "artifacts": {
    "epoch_log": "/home/alex1/Desktop/WFR-Memory-Test/experiments/08-wikitext-rfp/outputs/wikitext08_epoch_log.json",
    "epoch_csv": "/home/alex1/Desktop/WFR-Memory-Test/experiments/08-wikitext-rfp/outputs/wikitext08_epochs_20260401_225330.csv",
    "manifest_json": "/home/alex1/Desktop/WFR-Memory-Test/experiments/08-wikitext-rfp/outputs/wikitext08_manifest_20260401_225330.json",
    "vocab_meta": "/home/alex1/Desktop/WFR-Memory-Test/experiments/08-wikitext-rfp/outputs/wikitext08_vocab_meta.json"
  }
}
